KETOS training
WARNING:root:Torch version 1.10.0+cu102 has not been tested with coremltools. You may run into unexpected errors. Torch 1.9.1 is the most recent version that has been tested.
[85.0245] Region eSc_dummyblock_ without coordinates 
[85.0946] Region eSc_dummyblock_ without coordinates 
[85.2543] Region eSc_dummyblock_ without coordinates 
[85.3987] Region eSc_dummyblock_ without coordinates 
[85.5273] Region eSc_dummyblock_ without coordinates 
[85.7670] Region eSc_dummyblock_ without coordinates 
[85.8607] Region eSc_dummyblock_ without coordinates 
[85.9146] Region eSc_dummyblock_ without coordinates 
[85.9823] Region eSc_dummyblock_ without coordinates 
[86.4836] Region eSc_dummyblock_ without coordinates 
[86.9548] Region eSc_dummyblock_ without coordinates 
[87.0987] Region eSc_dummyblock_ without coordinates 
[87.1526] Region eSc_dummyblock_ without coordinates 
[87.2602] Region eSc_dummyblock_ without coordinates 
[87.3279] Region eSc_dummyblock_ without coordinates 
[87.4970] Region eSc_dummyblock_ without coordinates 
[87.5378] Region eSc_dummyblock_ without coordinates 
[87.6105] Region eSc_dummyblock_ without coordinates 
[87.6457] Region eSc_dummyblock_ without coordinates 
[87.6945] Region eSc_dummyblock_ without coordinates 
[87.8051] Region eSc_dummyblock_ without coordinates 
[87.8553] Region eSc_dummyblock_ without coordinates 
[87.9966] Region eSc_dummyblock_ without coordinates 
[88.0425] Region eSc_dummyblock_ without coordinates 
[88.0978] Region eSc_dummyblock_ without coordinates 
[88.4535] Region eSc_dummyblock_ without coordinates 
[88.5524] Region eSc_dummyblock_ without coordinates 
[88.5972] Region eSc_dummyblock_ without coordinates 
[88.6513] Region eSc_dummyblock_ without coordinates 
[88.6914] Region eSc_dummyblock_ without coordinates 
[88.8383] Region eSc_dummyblock_ without coordinates 
[88.8878] Region eSc_dummyblock_ without coordinates 
[88.9380] Region eSc_dummyblock_ without coordinates 
[88.9747] Region eSc_dummyblock_ without coordinates 
[89.0131] Region eSc_dummyblock_ without coordinates 
[89.0766] Region eSc_dummyblock_ without coordinates 
[89.1554] Region eSc_dummyblock_ without coordinates 
[89.1988] Region eSc_dummyblock_ without coordinates 
[89.2955] Region eSc_dummyblock_ without coordinates 
[89.3367] Region eSc_dummyblock_ without coordinates 
[89.3928] Region eSc_dummyblock_ without coordinates 
[89.4477] Region eSc_dummyblock_ without coordinates 
[89.5097] Region eSc_dummyblock_ without coordinates 
[89.7362] Region eSc_dummyblock_ without coordinates 
[89.8063] Region eSc_dummyblock_ without coordinates 
[89.9437] Region eSc_dummyblock_ without coordinates 
[89.9662] Region eSc_dummyblock_ without coordinates 
[90.1183] Region eSc_dummyblock_ without coordinates 
[90.1695] Region eSc_dummyblock_ without coordinates 
[90.2814] Region eSc_dummyblock_ without coordinates 
[90.4878] Region eSc_dummyblock_ without coordinates 
[90.6215] Region eSc_dummyblock_ without coordinates 
[90.6834] Region eSc_dummyblock_ without coordinates 
[90.7285] Region eSc_dummyblock_ without coordinates 
[90.7836] Region eSc_dummyblock_ without coordinates 
[90.8536] Region eSc_dummyblock_ without coordinates 
[90.9283] Region eSc_dummyblock_ without coordinates 
[91.0494] Region eSc_dummyblock_ without coordinates 
[91.1073] Region eSc_dummyblock_ without coordinates 
[91.1635] Region eSc_dummyblock_ without coordinates 
[91.2382] Region eSc_dummyblock_ without coordinates 
[91.3024] Region eSc_dummyblock_ without coordinates 
[91.3650] Region eSc_dummyblock_ without coordinates 
[91.4096] Region eSc_dummyblock_ without coordinates 
[91.5325] Region eSc_dummyblock_ without coordinates 
[91.5873] Region eSc_dummyblock_ without coordinates 
[91.6205] Region eSc_dummyblock_ without coordinates 
[91.7064] Region eSc_dummyblock_ without coordinates 
[91.7455] Region eSc_dummyblock_ without coordinates 
[91.7781] Region eSc_dummyblock_ without coordinates 
[91.9101] Region eSc_dummyblock_ without coordinates 
[91.9500] Region eSc_dummyblock_ without coordinates 
[92.0723] Region eSc_dummyblock_ without coordinates 
[92.5203] Region eSc_dummyblock_ without coordinates 
[93.2535] Region eSc_dummyblock_ without coordinates 
[93.5293] Region eSc_dummyblock_ without coordinates 
[93.6360] Region eSc_dummyblock_ without coordinates 
[93.6593] Region eSc_dummyblock_ without coordinates 
[93.7055] Region eSc_dummyblock_ without coordinates 
[93.7243] Region eSc_dummyblock_ without coordinates 
[93.7735] Region eSc_dummyblock_ without coordinates 
[93.8046] Region eSc_dummyblock_ without coordinates 
[93.8477] Region eSc_dummyblock_ without coordinates 
[93.8885] Region eSc_dummyblock_ without coordinates 
[93.9416] Region eSc_dummyblock_ without coordinates 
[94.0131] Region eSc_dummyblock_ without coordinates 
[94.1533] Region eSc_dummyblock_ without coordinates 
[94.2055] Region eSc_dummyblock_ without coordinates 
[94.2503] Region eSc_dummyblock_ without coordinates 
[94.2772] Region eSc_dummyblock_ without coordinates 
[94.3094] Region eSc_dummyblock_ without coordinates 
[94.3501] Region eSc_dummyblock_ without coordinates 
[94.5359] Region eSc_dummyblock_ without coordinates 
[94.5658] Region eSc_dummyblock_ without coordinates 
[94.5887] Region eSc_dummyblock_ without coordinates 
[94.6186] Region eSc_dummyblock_ without coordinates 
[94.6835] Region eSc_dummyblock_ without coordinates 
[94.8098] Region eSc_dummyblock_ without coordinates 
[94.8601] Region eSc_dummyblock_ without coordinates 
[94.8761] Region eSc_dummyblock_ without coordinates 
[94.9609] Region eSc_dummyblock_ without coordinates 
[95.1330] Region eSc_dummyblock_ without coordinates 
[95.1619] Region eSc_dummyblock_ without coordinates 
[95.2013] Region eSc_dummyblock_ without coordinates 
[95.2601] Region eSc_dummyblock_ without coordinates 
[95.3525] Region eSc_dummyblock_ without coordinates 
[95.4047] Region eSc_dummyblock_ without coordinates 
[95.4286] Region eSc_dummyblock_ without coordinates 
[95.4536] Region eSc_dummyblock_ without coordinates 
[95.5018] Region eSc_dummyblock_ without coordinates 
[95.5794] Region eSc_dummyblock_ without coordinates 
[95.6325] Region eSc_dummyblock_ without coordinates 
[95.6652] Region eSc_dummyblock_ without coordinates 
[95.7324] Region eSc_dummyblock_ without coordinates 
[95.7865] Region eSc_dummyblock_ without coordinates 
[95.9431] Region eSc_dummyblock_ without coordinates 
[95.9964] Region eSc_dummyblock_ without coordinates 
[96.0563] Region eSc_dummyblock_ without coordinates 
[96.0912] Region eSc_dummyblock_ without coordinates 
[96.1325] Region eSc_dummyblock_ without coordinates 
[96.1594] Region eSc_dummyblock_ without coordinates 
[96.2061] Region eSc_dummyblock_ without coordinates 
[96.2456] Region eSc_dummyblock_ without coordinates 
[96.3028] Region eSc_dummyblock_ without coordinates 
[96.3574] Region eSc_dummyblock_ without coordinates 
[96.3839] Region eSc_dummyblock_ without coordinates 
[96.5232] Region eSc_dummyblock_ without coordinates 
[96.6005] Region eSc_dummyblock_ without coordinates 
[96.6516] Region eSc_dummyblock_ without coordinates 
[96.7405] Region eSc_dummyblock_ without coordinates 
[96.7742] Region eSc_dummyblock_ without coordinates 
[96.8346] Region eSc_dummyblock_ without coordinates 
[96.8905] Region eSc_dummyblock_ without coordinates 
Building training set
[97.6683] Text line "" is empty after transformations 
Building validation set
[98.1062] alphabet mismatch: chars in training set only: {'â', '„', 'û', '0', '*', 'É', 'Í', 'k', '|', 'ô', '7', '^', '’', 'Ó', 'Ñ', '/', '"', '_', ']', '¥', '#', '[', '°', 'ù'} (not included in accuracy test during training) 
Initializing model ✓
stage 1/∞
Accuracy report (1) 0.9030 35954 3487
stage 2/∞
Accuracy report (2) 0.9332 35954 2401
stage 3/∞
Accuracy report (3) 0.9344 35954 2359
stage 4/∞
Accuracy report (4) 0.9475 35954 1888
stage 5/∞
Accuracy report (5) 0.9494 35954 1819
stage 6/∞
Accuracy report (6) 0.9555 35954 1600
stage 7/∞
Accuracy report (7) 0.9559 35954 1586
stage 8/∞
Accuracy report (8) 0.9544 35954 1639
stage 9/∞
Accuracy report (9) 0.9561 35954 1580
stage 10/∞
Accuracy report (10) 0.9563 35954 1571
stage 11/∞
Accuracy report (11) 0.9574 35954 1532
Moving best model output_name_6.mlmodel (0.9554986953735352) to output_name_best.mlmodel
