Requirement already satisfied: albumentations in /home/users/j/jacsont/Sandozenv/lib/python3.8/site-packages (1.1.0)
Requirement already satisfied: qudida>=0.0.4 in /home/users/j/jacsont/Sandozenv/lib/python3.8/site-packages (from albumentations) (0.0.4)
Requirement already satisfied: scipy in /home/users/j/jacsont/Sandozenv/lib/python3.8/site-packages (from albumentations) (1.7.3)
Requirement already satisfied: scikit-image>=0.16.1 in /home/users/j/jacsont/Sandozenv/lib/python3.8/site-packages (from albumentations) (0.19.0)
Requirement already satisfied: numpy>=1.11.1 in /home/users/j/jacsont/Sandozenv/lib/python3.8/site-packages (from albumentations) (1.21.4)
Requirement already satisfied: PyYAML in /home/users/j/jacsont/Sandozenv/lib/python3.8/site-packages (from albumentations) (6.0)
Requirement already satisfied: opencv-python-headless>=4.1.1 in /home/users/j/jacsont/Sandozenv/lib/python3.8/site-packages (from albumentations) (4.5.5.62)
Requirement already satisfied: scikit-learn>=0.19.1 in /home/users/j/jacsont/Sandozenv/lib/python3.8/site-packages (from qudida>=0.0.4->albumentations) (1.0.2)
Requirement already satisfied: typing-extensions in /home/users/j/jacsont/Sandozenv/lib/python3.8/site-packages (from qudida>=0.0.4->albumentations) (4.0.1)
Requirement already satisfied: imageio>=2.4.1 in /home/users/j/jacsont/Sandozenv/lib/python3.8/site-packages (from scikit-image>=0.16.1->albumentations) (2.13.3)
Requirement already satisfied: packaging>=20.0 in /home/users/j/jacsont/Sandozenv/lib/python3.8/site-packages (from scikit-image>=0.16.1->albumentations) (21.3)
Requirement already satisfied: PyWavelets>=1.1.1 in /home/users/j/jacsont/Sandozenv/lib/python3.8/site-packages (from scikit-image>=0.16.1->albumentations) (1.2.0)
Requirement already satisfied: networkx>=2.2 in /home/users/j/jacsont/Sandozenv/lib/python3.8/site-packages (from scikit-image>=0.16.1->albumentations) (2.6.3)
Requirement already satisfied: tifffile>=2019.7.26 in /home/users/j/jacsont/Sandozenv/lib/python3.8/site-packages (from scikit-image>=0.16.1->albumentations) (2021.11.2)
Requirement already satisfied: pillow!=7.1.0,!=7.1.1,!=8.3.0,>=6.1.0 in /home/users/j/jacsont/Sandozenv/lib/python3.8/site-packages (from scikit-image>=0.16.1->albumentations) (8.4.0)
Requirement already satisfied: threadpoolctl>=2.0.0 in /home/users/j/jacsont/Sandozenv/lib/python3.8/site-packages (from scikit-learn>=0.19.1->qudida>=0.0.4->albumentations) (3.1.0)
Requirement already satisfied: joblib>=0.11 in /home/users/j/jacsont/Sandozenv/lib/python3.8/site-packages (from scikit-learn>=0.19.1->qudida>=0.0.4->albumentations) (1.1.0)
Requirement already satisfied: pyparsing!=3.0.5,>=2.0.2 in /home/users/j/jacsont/Sandozenv/lib/python3.8/site-packages (from packaging>=20.0->scikit-image>=0.16.1->albumentations) (3.0.6)
WARNING: You are using pip version 20.2.1; however, version 22.0.3 is available.
You should consider upgrading via the '/home/users/j/jacsont/Sandozenv/bin/python3 -m pip install --upgrade pip' command.
KETOS training
WARNING:root:scikit-learn version 1.0.2 is not supported. Minimum required version: 0.17. Maximum required version: 0.19.2. Disabling scikit-learn conversion API.
WARNING:root:Torch version 1.10.0+cu102 has not been tested with coremltools. You may run into unexpected errors. Torch 1.9.1 is the most recent version that has been tested.
[51.0798] No valid filename found in ALTO file 
Creating model [1,1200,0,3 Cr7,7,64,2,2 Gn32 Cr3,3,128,2,2 Gn32 Cr3,3,128 Gn32 Cr3,3,256 Gn32 Cr3,3,256 Gn32 Lbx32 Lby32 Cr1,1,32 Gn32 Lby32 Lbx32 O2l17] with 17 outputs ✓
Training line types:
  default	2	22749
  CustomLine:propriedad	3	2
  CustomLine:trailer	4	55
Training region types:
  MarginTextZone:colophon	5	71
  CustomZone:numero_pliego	6	4
  NumberingZone:page	7	166
  CustomZone:impresorNum	8	59
  text	9	18
  GraphicZone:illustration	10	115
  GraphicZone:ornamentation	11	15
  CustomZone:subtitulo	12	60
  CustomZone:titulo_parte	13	44
  CustomZone:primer_titulo	14	76
  MarginTextZone:note	15	2
  MainZone	16	857
stage 1/50
Accuracy report (1) mean_iu: 0.2659 freq_iu: 0.3362 mean_acc: 0.9550 accuracy: 0.9550
stage 2/50
Accuracy report (2) mean_iu: 0.2666 freq_iu: 0.3382 mean_acc: 0.9550 accuracy: 0.9550
stage 3/50
Accuracy report (3) mean_iu: 0.3516 freq_iu: 0.6867 mean_acc: 0.9816 accuracy: 0.9816
stage 4/50
Accuracy report (4) mean_iu: 0.3630 freq_iu: 0.7148 mean_acc: 0.9833 accuracy: 0.9833
stage 5/50
Accuracy report (5) mean_iu: 0.3813 freq_iu: 0.7355 mean_acc: 0.9842 accuracy: 0.9842
stage 6/50
Accuracy report (6) mean_iu: 0.3910 freq_iu: 0.7196 mean_acc: 0.9835 accuracy: 0.9835
stage 7/50
Accuracy report (7) mean_iu: 0.4005 freq_iu: 0.7331 mean_acc: 0.9843 accuracy: 0.9843
stage 8/50
Accuracy report (8) mean_iu: 0.4627 freq_iu: 0.7737 mean_acc: 0.9863 accuracy: 0.9863
stage 9/50
Accuracy report (9) mean_iu: 0.4797 freq_iu: 0.7825 mean_acc: 0.9866 accuracy: 0.9866
stage 10/50
Accuracy report (10) mean_iu: 0.4868 freq_iu: 0.7849 mean_acc: 0.9865 accuracy: 0.9865
stage 11/50
Accuracy report (11) mean_iu: 0.4855 freq_iu: 0.7640 mean_acc: 0.9854 accuracy: 0.9854
stage 12/50
Accuracy report (12) mean_iu: 0.4916 freq_iu: 0.7930 mean_acc: 0.9872 accuracy: 0.9872
stage 13/50
Accuracy report (13) mean_iu: 0.4900 freq_iu: 0.8009 mean_acc: 0.9878 accuracy: 0.9878
stage 14/50
Accuracy report (14) mean_iu: 0.4987 freq_iu: 0.8070 mean_acc: 0.9881 accuracy: 0.9881
stage 15/50
Accuracy report (15) mean_iu: 0.5065 freq_iu: 0.8083 mean_acc: 0.9882 accuracy: 0.9882
stage 16/50
Accuracy report (16) mean_iu: 0.4529 freq_iu: 0.8007 mean_acc: 0.9878 accuracy: 0.9878
stage 17/50
Accuracy report (17) mean_iu: 0.5213 freq_iu: 0.8027 mean_acc: 0.9879 accuracy: 0.9879
stage 18/50
Accuracy report (18) mean_iu: 0.4913 freq_iu: 0.7910 mean_acc: 0.9870 accuracy: 0.9870
stage 19/50
Accuracy report (19) mean_iu: 0.5007 freq_iu: 0.7916 mean_acc: 0.9872 accuracy: 0.9872
stage 20/50
Accuracy report (20) mean_iu: 0.4676 freq_iu: 0.8090 mean_acc: 0.9884 accuracy: 0.9884
stage 21/50
Accuracy report (21) mean_iu: 0.4059 freq_iu: 0.7996 mean_acc: 0.9873 accuracy: 0.9873
stage 22/50
Accuracy report (22) mean_iu: 0.5553 freq_iu: 0.8123 mean_acc: 0.9884 accuracy: 0.9884
stage 23/50
Accuracy report (23) mean_iu: 0.4938 freq_iu: 0.8173 mean_acc: 0.9886 accuracy: 0.9886
stage 24/50
Accuracy report (24) mean_iu: 0.4814 freq_iu: 0.8040 mean_acc: 0.9877 accuracy: 0.9877
stage 25/50
Accuracy report (25) mean_iu: 0.5149 freq_iu: 0.8119 mean_acc: 0.9883 accuracy: 0.9883
stage 26/50
Accuracy report (26) mean_iu: 0.5302 freq_iu: 0.7752 mean_acc: 0.9857 accuracy: 0.9857
stage 27/50
Accuracy report (27) mean_iu: 0.5132 freq_iu: 0.8099 mean_acc: 0.9882 accuracy: 0.9882
stage 28/50
Accuracy report (28) mean_iu: 0.5167 freq_iu: 0.8112 mean_acc: 0.9883 accuracy: 0.9883
stage 29/50
Accuracy report (29) mean_iu: 0.5087 freq_iu: 0.8227 mean_acc: 0.9890 accuracy: 0.9890
stage 30/50
Accuracy report (30) mean_iu: 0.5653 freq_iu: 0.8085 mean_acc: 0.9881 accuracy: 0.9881
stage 31/50
Accuracy report (31) mean_iu: 0.5648 freq_iu: 0.7953 mean_acc: 0.9871 accuracy: 0.9871
stage 32/50
Accuracy report (32) mean_iu: 0.5845 freq_iu: 0.8183 mean_acc: 0.9886 accuracy: 0.9886
stage 33/50
Accuracy report (33) mean_iu: 0.5763 freq_iu: 0.8124 mean_acc: 0.9884 accuracy: 0.9884
stage 34/50
Accuracy report (34) mean_iu: 0.5819 freq_iu: 0.8199 mean_acc: 0.9889 accuracy: 0.9889
stage 35/50
Accuracy report (35) mean_iu: 0.5888 freq_iu: 0.8181 mean_acc: 0.9888 accuracy: 0.9888
stage 36/50
Accuracy report (36) mean_iu: 0.5706 freq_iu: 0.8137 mean_acc: 0.9881 accuracy: 0.9881
stage 37/50
Accuracy report (37) mean_iu: 0.5886 freq_iu: 0.8264 mean_acc: 0.9892 accuracy: 0.9892
stage 38/50
Accuracy report (38) mean_iu: 0.5859 freq_iu: 0.8251 mean_acc: 0.9893 accuracy: 0.9893
stage 39/50
Accuracy report (39) mean_iu: 0.5984 freq_iu: 0.8267 mean_acc: 0.9894 accuracy: 0.9894
stage 40/50
Accuracy report (40) mean_iu: 0.5777 freq_iu: 0.8136 mean_acc: 0.9880 accuracy: 0.9880
stage 41/50
Accuracy report (41) mean_iu: 0.5992 freq_iu: 0.8277 mean_acc: 0.9894 accuracy: 0.9894
stage 42/50
Accuracy report (42) mean_iu: 0.5601 freq_iu: 0.7927 mean_acc: 0.9871 accuracy: 0.9871
stage 43/50
Accuracy report (43) mean_iu: 0.3885 freq_iu: 0.7812 mean_acc: 0.9863 accuracy: 0.9863
stage 44/50
Accuracy report (44) mean_iu: 0.5671 freq_iu: 0.8063 mean_acc: 0.9876 accuracy: 0.9876
stage 45/50
Accuracy report (45) mean_iu: 0.5655 freq_iu: 0.7951 mean_acc: 0.9871 accuracy: 0.9871
stage 46/50
Accuracy report (46) mean_iu: 0.5723 freq_iu: 0.8070 mean_acc: 0.9879 accuracy: 0.9879
stage 47/50
Accuracy report (47) mean_iu: 0.5852 freq_iu: 0.8139 mean_acc: 0.9883 accuracy: 0.9883
stage 48/50
Accuracy report (48) mean_iu: 0.5855 freq_iu: 0.8118 mean_acc: 0.9883 accuracy: 0.9883
stage 49/50
Accuracy report (49) mean_iu: 0.5939 freq_iu: 0.8228 mean_acc: 0.9891 accuracy: 0.9891
stage 50/50
Accuracy report (50) mean_iu: 0.6008 freq_iu: 0.8133 mean_acc: 0.9885 accuracy: 0.9885
