KETOS training
WARNING:root:Torch version 1.10.0+cu102 has not been tested with coremltools. You may run into unexpected errors. Torch 1.9.1 is the most recent version that has been tested.
Building training set
Building validation set
[101.0610] Text line " " is empty after transformations 
[101.1417] alphabet mismatch: chars in training set only: {'ü', '%', 'Á', '[', 'ô', '#', 'k', '°', '^', 'û', '•', '0', '|', '&', "'", '¥', '"', ']', 'K', 'Í', 'ſ', '_'} (not included in accuracy test during training) 
[101.1419] alphabet mismatch: chars in validation set only: {'„'} (not trained) 
Initializing model ✓
stage 1/∞
Accuracy report (1) 0.9175 28110 2318
stage 2/∞
Accuracy report (2) 0.9437 28110 1582
stage 3/∞
Accuracy report (3) 0.9570 28110 1209
stage 4/∞
Accuracy report (4) 0.9581 28110 1177
stage 5/∞
Accuracy report (5) 0.9578 28110 1187
stage 6/∞
Accuracy report (6) 0.9636 28110 1024
stage 7/∞
Accuracy report (7) 0.9625 28110 1053
stage 8/∞
Accuracy report (8) 0.9655 28110 970
stage 9/∞
Accuracy report (9) 0.9666 28110 940
stage 10/∞
Accuracy report (10) 0.9649 28110 987
stage 11/∞
Accuracy report (11) 0.9662 28110 949
stage 12/∞
Accuracy report (12) 0.9665 28110 943
stage 13/∞
Accuracy report (13) 0.9673 28110 918
stage 14/∞
Accuracy report (14) 0.9668 28110 934
stage 15/∞
Accuracy report (15) 0.9684 28110 889
stage 16/∞
Accuracy report (16) 0.9660 28110 956
stage 17/∞
Accuracy report (17) 0.9657 28110 964
stage 18/∞
Accuracy report (18) 0.9671 28110 926
Moving best model output_name_13.mlmodel (0.9673425555229187) to output_name_best.mlmodel
