Requirement already satisfied: albumentations in /home/users/j/jacsont/Sandozenv/lib/python3.8/site-packages (1.1.0)
Requirement already satisfied: opencv-python-headless>=4.1.1 in /home/users/j/jacsont/Sandozenv/lib/python3.8/site-packages (from albumentations) (4.5.5.62)
Requirement already satisfied: qudida>=0.0.4 in /home/users/j/jacsont/Sandozenv/lib/python3.8/site-packages (from albumentations) (0.0.4)
Requirement already satisfied: numpy>=1.11.1 in /home/users/j/jacsont/Sandozenv/lib/python3.8/site-packages (from albumentations) (1.21.4)
Requirement already satisfied: PyYAML in /home/users/j/jacsont/Sandozenv/lib/python3.8/site-packages (from albumentations) (6.0)
Requirement already satisfied: scipy in /home/users/j/jacsont/Sandozenv/lib/python3.8/site-packages (from albumentations) (1.7.3)
Requirement already satisfied: scikit-image>=0.16.1 in /home/users/j/jacsont/Sandozenv/lib/python3.8/site-packages (from albumentations) (0.19.0)
Requirement already satisfied: typing-extensions in /home/users/j/jacsont/Sandozenv/lib/python3.8/site-packages (from qudida>=0.0.4->albumentations) (4.0.1)
Requirement already satisfied: scikit-learn>=0.19.1 in /home/users/j/jacsont/Sandozenv/lib/python3.8/site-packages (from qudida>=0.0.4->albumentations) (1.0.2)
Requirement already satisfied: networkx>=2.2 in /home/users/j/jacsont/Sandozenv/lib/python3.8/site-packages (from scikit-image>=0.16.1->albumentations) (2.6.3)
Requirement already satisfied: imageio>=2.4.1 in /home/users/j/jacsont/Sandozenv/lib/python3.8/site-packages (from scikit-image>=0.16.1->albumentations) (2.13.3)
Requirement already satisfied: packaging>=20.0 in /home/users/j/jacsont/Sandozenv/lib/python3.8/site-packages (from scikit-image>=0.16.1->albumentations) (21.3)
Requirement already satisfied: PyWavelets>=1.1.1 in /home/users/j/jacsont/Sandozenv/lib/python3.8/site-packages (from scikit-image>=0.16.1->albumentations) (1.2.0)
Requirement already satisfied: pillow!=7.1.0,!=7.1.1,!=8.3.0,>=6.1.0 in /home/users/j/jacsont/Sandozenv/lib/python3.8/site-packages (from scikit-image>=0.16.1->albumentations) (8.4.0)
Requirement already satisfied: tifffile>=2019.7.26 in /home/users/j/jacsont/Sandozenv/lib/python3.8/site-packages (from scikit-image>=0.16.1->albumentations) (2021.11.2)
Requirement already satisfied: threadpoolctl>=2.0.0 in /home/users/j/jacsont/Sandozenv/lib/python3.8/site-packages (from scikit-learn>=0.19.1->qudida>=0.0.4->albumentations) (3.1.0)
Requirement already satisfied: joblib>=0.11 in /home/users/j/jacsont/Sandozenv/lib/python3.8/site-packages (from scikit-learn>=0.19.1->qudida>=0.0.4->albumentations) (1.1.0)
Requirement already satisfied: pyparsing!=3.0.5,>=2.0.2 in /home/users/j/jacsont/Sandozenv/lib/python3.8/site-packages (from packaging>=20.0->scikit-image>=0.16.1->albumentations) (3.0.6)
WARNING: You are using pip version 20.2.1; however, version 22.0.3 is available.
You should consider upgrading via the '/home/users/j/jacsont/Sandozenv/bin/python3 -m pip install --upgrade pip' command.
KETOS training
WARNING:root:scikit-learn version 1.0.2 is not supported. Minimum required version: 0.17. Maximum required version: 0.19.2. Disabling scikit-learn conversion API.
WARNING:root:Torch version 1.10.0+cu102 has not been tested with coremltools. You may run into unexpected errors. Torch 1.9.1 is the most recent version that has been tested.
[50.6058] No valid filename found in ALTO file 
[51.1244] No valid filename found in ALTO file 
[51.8458] No valid filename found in ALTO file 
[56.4097] No valid filename found in ALTO file 
Building training set
[138.9313] Line polygon outside of image bounds 
[170.1814] Line polygon outside of image bounds 
[331.9409] Line polygon outside of image bounds 
[1839.8753] Baseline outside of image bounds 
[2152.9322] Line polygon outside of image bounds 
[2290.8116] Line polygon outside of image bounds 
[2901.0640] Baseline outside of image bounds 
[6462.0237] Line polygon outside of image bounds 
[7475.3538] Baseline outside of image bounds 
Building validation set
[8024.6927] Baseline outside of image bounds 
[8094.5245] alphabet mismatch: chars in training set only: {'’', '°', '•', 'k', '_', '„', 'K', '#', '0', '|', '"', '¬', '*', '/', '̂', '^', ']', '¥', '[', '%', '&'} (not included in accuracy test during training) 
Initializing model ✓
stage 1/∞
Accuracy report (1) 0.9309 29445 2035
stage 2/∞
Accuracy report (2) 0.9675 29445 956
stage 3/∞
Accuracy report (3) 0.9776 29445 659
stage 4/∞
Accuracy report (4) 0.9814 29445 549
stage 5/∞
Accuracy report (5) 0.9833 29445 493
stage 6/∞
Accuracy report (6) 0.9860 29445 411
stage 7/∞
Accuracy report (7) 0.9876 29445 365
stage 8/∞
Accuracy report (8) 0.9878 29445 359
stage 9/∞
Accuracy report (9) 0.9882 29445 348
stage 10/∞
Accuracy report (10) 0.9905 29445 281
stage 11/∞
Accuracy report (11) 0.9913 29445 257
stage 12/∞
Accuracy report (12) 0.9921 29445 234
stage 13/∞
Accuracy report (13) 0.9928 29445 212
stage 14/∞
Accuracy report (14) 0.9934 29445 195
stage 15/∞
Accuracy report (15) 0.9938 29445 182
stage 16/∞
Accuracy report (16) 0.9941 29445 175
stage 17/∞
Accuracy report (17) 0.9949 29445 150
stage 18/∞
Accuracy report (18) 0.9945 29445 162
stage 19/∞
Accuracy report (19) 0.9957 29445 128
stage 20/∞
Accuracy report (20) 0.9957 29445 126
stage 21/∞
Accuracy report (21) 0.9958 29445 125
stage 22/∞
Accuracy report (22) 0.9960 29445 119
stage 23/∞
Accuracy report (23) 0.9968 29445 93
stage 24/∞
Accuracy report (24) 0.9968 29445 95
stage 25/∞
Accuracy report (25) 0.9971 29445 86
stage 26/∞
Accuracy report (26) 0.9977 29445 69
stage 27/∞
Accuracy report (27) 0.9980 29445 60
stage 28/∞
Accuracy report (28) 0.9976 29445 72
stage 29/∞
Accuracy report (29) 0.9976 29445 70
stage 30/∞
Accuracy report (30) 0.9983 29445 50
stage 31/∞
Accuracy report (31) 0.9981 29445 55
stage 32/∞
Accuracy report (32) 0.9982 29445 54
stage 33/∞
Accuracy report (33) 0.9979 29445 61
stage 34/∞
Accuracy report (34) 0.9981 29445 55
stage 35/∞
Accuracy report (35) 0.9985 29445 44
stage 36/∞
Accuracy report (36) 0.9988 29445 36
stage 37/∞
Accuracy report (37) 0.9991 29445 27
stage 38/∞
Accuracy report (38) 0.9983 29445 49
stage 39/∞
Accuracy report (39) 0.9988 29445 34
stage 40/∞
Accuracy report (40) 0.9992 29445 24
stage 41/∞
Accuracy report (41) 0.9986 29445 40
stage 42/∞
Accuracy report (42) 0.9990 29445 30
stage 43/∞
Accuracy report (43) 0.9990 29445 29
stage 44/∞
Accuracy report (44) 0.9993 29445 20
stage 45/∞
Accuracy report (45) 0.9989 29445 33
stage 46/∞
Accuracy report (46) 0.9990 29445 28
stage 47/∞
Accuracy report (47) 0.9993 29445 21
stage 48/∞
Accuracy report (48) 0.9993 29445 21
stage 49/∞
Accuracy report (49) 0.9989 29445 32
stage 50/∞
Accuracy report (50) 0.9993 29445 21
stage 51/∞
Accuracy report (51) 0.9991 29445 27
stage 52/∞
Accuracy report (52) 0.9993 29445 21
stage 53/∞
Accuracy report (53) 0.9986 29445 40
stage 54/∞
Accuracy report (54) 0.9991 29445 27
stage 55/∞
Accuracy report (55) 0.9994 29445 17
stage 56/∞
Accuracy report (56) 0.9993 29445 22
stage 57/∞
Accuracy report (57) 0.9994 29445 19
stage 58/∞
Accuracy report (58) 0.9984 29445 46
stage 59/∞
Accuracy report (59) 0.9993 29445 20
stage 60/∞
Accuracy report (60) 0.9994 29445 19
stage 61/∞
Accuracy report (61) 0.9995 29445 15
stage 62/∞
Accuracy report (62) 0.9996 29445 13
stage 63/∞
Accuracy report (63) 0.9994 29445 19
stage 64/∞
Accuracy report (64) 0.9995 29445 16
stage 65/∞
Accuracy report (65) 0.9995 29445 15
stage 66/∞
Accuracy report (66) 0.9994 29445 19
stage 67/∞
Accuracy report (67) 0.9995 29445 14
stage 68/∞
Accuracy report (68) 0.9995 29445 14
stage 69/∞
Accuracy report (69) 0.9997 29445 10
stage 70/∞
Accuracy report (70) 0.9993 29445 21
stage 71/∞
Accuracy report (71) 0.9994 29445 18
stage 72/∞
Accuracy report (72) 0.9995 29445 15
stage 73/∞
Accuracy report (73) 0.9995 29445 14
stage 74/∞
Accuracy report (74) 0.9992 29445 24
stage 75/∞
Accuracy report (75) 0.9994 29445 18
stage 76/∞
Accuracy report (76) 0.9993 29445 21
stage 77/∞
Accuracy report (77) 0.9996 29445 12
stage 78/∞
Accuracy report (78) 0.9996 29445 11
stage 79/∞
Accuracy report (79) 0.9995 29445 16
stage 80/∞
Accuracy report (80) 0.9995 29445 16
stage 81/∞
Accuracy report (81) 0.9996 29445 11
stage 82/∞
Accuracy report (82) 0.9997 29445 10
stage 83/∞
Accuracy report (83) 0.9995 29445 16
stage 84/∞
Accuracy report (84) 0.9993 29445 20
stage 85/∞
Accuracy report (85) 0.9996 29445 11
stage 86/∞
Accuracy report (86) 0.9996 29445 12
stage 87/∞
Accuracy report (87) 0.9997 29445 8
stage 88/∞
Accuracy report (88) 0.9996 29445 12
stage 89/∞
Accuracy report (89) 0.9997 29445 9
stage 90/∞
Accuracy report (90) 0.9995 29445 14
stage 91/∞
Accuracy report (91) 0.9993 29445 20
stage 92/∞
Accuracy report (92) 0.9995 29445 16
stage 93/∞
Accuracy report (93) 0.9995 29445 16
stage 94/∞
Accuracy report (94) 0.9995 29445 14
stage 95/∞
Accuracy report (95) 0.9996 29445 11
stage 96/∞
Accuracy report (96) 0.9990 29445 30
stage 97/∞
Accuracy report (97) 0.9995 29445 15
stage 98/∞
Accuracy report (98) 0.9996 29445 13
stage 99/∞
Accuracy report (99) 0.9995 29445 14
stage 100/∞
Accuracy report (100) 0.9996 29445 13
stage 101/∞
Accuracy report (101) 0.9995 29445 14
stage 102/∞
Accuracy report (102) 0.9995 29445 14
stage 103/∞
Accuracy report (103) 0.9996 29445 13
stage 104/∞
Accuracy report (104) 0.9997 29445 10
stage 105/∞
Accuracy report (105) 0.9998 29445 7
stage 106/∞
Accuracy report (106) 0.9996 29445 11
stage 107/∞
Accuracy report (107) 0.9996 29445 11
stage 108/∞
Accuracy report (108) 0.9995 29445 14
stage 109/∞
Accuracy report (109) 0.9996 29445 11
stage 110/∞
Accuracy report (110) 0.9995 29445 16
stage 111/∞
Accuracy report (111) 0.9997 29445 10
stage 112/∞
Accuracy report (112) 0.9995 29445 16
stage 113/∞
Accuracy report (113) 0.9995 29445 14
stage 114/∞
Accuracy report (114) 0.9997 29445 9
stage 115/∞
Accuracy report (115) 0.9996 29445 13
stage 116/∞
Accuracy report (116) 0.9998 29445 5
stage 117/∞
Accuracy report (117) 0.9996 29445 11
stage 118/∞
Accuracy report (118) 0.9995 29445 14
stage 119/∞
Accuracy report (119) 0.9991 29445 26
stage 120/∞
Accuracy report (120) 0.9996 29445 11
stage 121/∞
Accuracy report (121) 0.9995 29445 15
stage 122/∞
Accuracy report (122) 0.9998 29445 7
stage 123/∞
Accuracy report (123) 0.9997 29445 9
stage 124/∞
Accuracy report (124) 0.9997 29445 8
stage 125/∞
Accuracy report (125) 0.9999 29445 4
stage 126/∞
Accuracy report (126) 0.9997 29445 10
stage 127/∞
Accuracy report (127) 0.9998 29445 6
stage 128/∞
Accuracy report (128) 0.9996 29445 11
stage 129/∞
Accuracy report (129) 0.9997 29445 9
stage 130/∞
Accuracy report (130) 0.9998 29445 7
stage 131/∞
Accuracy report (131) 0.9995 29445 14
stage 132/∞
Accuracy report (132) 0.9998 29445 5
stage 133/∞
Accuracy report (133) 0.9995 29445 15
stage 134/∞
Accuracy report (134) 0.9996 29445 12
stage 135/∞
Accuracy report (135) 0.9996 29445 12
stage 136/∞
Accuracy report (136) 0.9997 29445 9
stage 137/∞
Accuracy report (137) 0.9997 29445 10
stage 138/∞
Accuracy report (138) 0.9997 29445 8
stage 139/∞
Accuracy report (139) 0.9999 29445 3
stage 140/∞
Accuracy report (140) 0.9998 29445 6
stage 141/∞
Accuracy report (141) 0.9998 29445 5
stage 142/∞
Accuracy report (142) 0.9997 29445 8
stage 143/∞
Accuracy report (143) 0.9998 29445 5
stage 144/∞
Accuracy report (144) 1.0000 29445 1
stage 145/∞
Accuracy report (145) 0.9995 29445 15
stage 146/∞
Accuracy report (146) 0.9998 29445 7
stage 147/∞
Accuracy report (147) 0.9999 29445 3
stage 148/∞
Accuracy report (148) 0.9998 29445 6
stage 149/∞
Accuracy report (149) 0.9998 29445 7
stage 150/∞
Accuracy report (150) 0.9998 29445 7
stage 151/∞
Accuracy report (151) 0.9998 29445 7
stage 152/∞
Accuracy report (152) 0.9999 29445 3
stage 153/∞
Accuracy report (153) 0.9997 29445 9
stage 154/∞
Accuracy report (154) 0.9995 29445 16
stage 155/∞
Accuracy report (155) 0.9998 29445 5
stage 156/∞
Accuracy report (156) 0.9997 29445 9
stage 157/∞
Accuracy report (157) 0.9997 29445 8
stage 158/∞
Accuracy report (158) 0.9998 29445 6
stage 159/∞
Accuracy report (159) 0.9997 29445 9
stage 160/∞
Accuracy report (160) 0.9997 29445 9
stage 161/∞
Accuracy report (161) 0.9998 29445 6
stage 162/∞
Accuracy report (162) 0.9997 29445 9
stage 163/∞
Accuracy report (163) 0.9999 29445 4
stage 164/∞
Accuracy report (164) 0.9998 29445 6
Moving best model model_144.mlmodel (0.999966025352478) to model_best.mlmodel
