Requirement already satisfied: albumentations in /home/users/j/jacsont/Sandozenv/lib/python3.8/site-packages (1.1.0)
Requirement already satisfied: scipy in /home/users/j/jacsont/Sandozenv/lib/python3.8/site-packages (from albumentations) (1.7.3)
Requirement already satisfied: qudida>=0.0.4 in /home/users/j/jacsont/Sandozenv/lib/python3.8/site-packages (from albumentations) (0.0.4)
Requirement already satisfied: opencv-python-headless>=4.1.1 in /home/users/j/jacsont/Sandozenv/lib/python3.8/site-packages (from albumentations) (4.5.5.62)
Requirement already satisfied: PyYAML in /home/users/j/jacsont/Sandozenv/lib/python3.8/site-packages (from albumentations) (6.0)
Requirement already satisfied: scikit-image>=0.16.1 in /home/users/j/jacsont/Sandozenv/lib/python3.8/site-packages (from albumentations) (0.19.0)
Requirement already satisfied: numpy>=1.11.1 in /home/users/j/jacsont/Sandozenv/lib/python3.8/site-packages (from albumentations) (1.21.4)
Requirement already satisfied: typing-extensions in /home/users/j/jacsont/Sandozenv/lib/python3.8/site-packages (from qudida>=0.0.4->albumentations) (4.0.1)
Requirement already satisfied: scikit-learn>=0.19.1 in /home/users/j/jacsont/Sandozenv/lib/python3.8/site-packages (from qudida>=0.0.4->albumentations) (1.0.2)
Requirement already satisfied: networkx>=2.2 in /home/users/j/jacsont/Sandozenv/lib/python3.8/site-packages (from scikit-image>=0.16.1->albumentations) (2.6.3)
Requirement already satisfied: imageio>=2.4.1 in /home/users/j/jacsont/Sandozenv/lib/python3.8/site-packages (from scikit-image>=0.16.1->albumentations) (2.13.3)
Requirement already satisfied: PyWavelets>=1.1.1 in /home/users/j/jacsont/Sandozenv/lib/python3.8/site-packages (from scikit-image>=0.16.1->albumentations) (1.2.0)
Requirement already satisfied: packaging>=20.0 in /home/users/j/jacsont/Sandozenv/lib/python3.8/site-packages (from scikit-image>=0.16.1->albumentations) (21.3)
Requirement already satisfied: pillow!=7.1.0,!=7.1.1,!=8.3.0,>=6.1.0 in /home/users/j/jacsont/Sandozenv/lib/python3.8/site-packages (from scikit-image>=0.16.1->albumentations) (8.4.0)
Requirement already satisfied: tifffile>=2019.7.26 in /home/users/j/jacsont/Sandozenv/lib/python3.8/site-packages (from scikit-image>=0.16.1->albumentations) (2021.11.2)
Requirement already satisfied: threadpoolctl>=2.0.0 in /home/users/j/jacsont/Sandozenv/lib/python3.8/site-packages (from scikit-learn>=0.19.1->qudida>=0.0.4->albumentations) (3.1.0)
Requirement already satisfied: joblib>=0.11 in /home/users/j/jacsont/Sandozenv/lib/python3.8/site-packages (from scikit-learn>=0.19.1->qudida>=0.0.4->albumentations) (1.1.0)
Requirement already satisfied: pyparsing!=3.0.5,>=2.0.2 in /home/users/j/jacsont/Sandozenv/lib/python3.8/site-packages (from packaging>=20.0->scikit-image>=0.16.1->albumentations) (3.0.6)
WARNING: You are using pip version 20.2.1; however, version 22.0.4 is available.
You should consider upgrading via the '/home/users/j/jacsont/Sandozenv/bin/python3 -m pip install --upgrade pip' command.
KETOS training
WARNING:root:scikit-learn version 1.0.2 is not supported. Minimum required version: 0.17. Maximum required version: 0.19.2. Disabling scikit-learn conversion API.
WARNING:root:Torch version 1.10.0+cu102 has not been tested with coremltools. You may run into unexpected errors. Torch 1.9.1 is the most recent version that has been tested.
Building training set
[80.9214] Text line " " is empty after transformations 
[80.9219] Text line " " is empty after transformations 
[80.9220] Text line " " is empty after transformations 
[80.9220] Text line " " is empty after transformations 
[80.9221] Text line " " is empty after transformations 
[81.3701] Text line " " is empty after transformations 
[81.3707] Text line " " is empty after transformations 
[81.3708] Text line " " is empty after transformations 
[81.3709] Text line " " is empty after transformations 
[81.3709] Text line " " is empty after transformations 
[81.3714] Text line " " is empty after transformations 
[81.3714] Text line " " is empty after transformations 
[81.3715] Text line " " is empty after transformations 
[81.3716] Text line " " is empty after transformations 
[81.3716] Text line " " is empty after transformations 
[81.3720] Text line " " is empty after transformations 
[81.3721] Text line " " is empty after transformations 
[81.3722] Text line " " is empty after transformations 
[81.3722] Text line " " is empty after transformations 
[84.9368] Text line " " is empty after transformations 
[84.9369] Text line " " is empty after transformations 
[84.9371] Text line " " is empty after transformations 
[84.9372] Text line " " is empty after transformations 
[85.9540] Text line " " is empty after transformations 
[85.9544] Text line " " is empty after transformations 
[85.9545] Text line " " is empty after transformations 
[499.2047] Line polygon outside of image bounds 
[988.2330] Baseline outside of image bounds 
[1028.6489] Text line " " is empty after transformations 
[1167.9710] Baseline outside of image bounds 
[1938.3377] Line polygon outside of image bounds 
[2518.1068] Baseline outside of image bounds 
[3594.3558] Text line " " is empty after transformations 
[3815.4270] Line polygon outside of image bounds 
[4420.7837] Line polygon outside of image bounds 
Building validation set
[6444.8797] Text line " " is empty after transformations 
[6612.1443] alphabet mismatch: chars in training set only: {'#', '•', '’', '^', '&', '°', '%', '"', '*', 'W', ']', '_', 'ſ', '¥', '–', '|', '„', '/', '['} (not included in accuracy test during training) 
Initializing model ✓
stage 1/∞
Accuracy report (1) 0.8814 57095 6772
stage 2/∞
Accuracy report (2) 0.9487 57095 2927
stage 3/∞
Accuracy report (3) 0.9621 57095 2165
stage 4/∞
Accuracy report (4) 0.9670 57095 1883
stage 5/∞
Accuracy report (5) 0.9715 57095 1626
stage 6/∞
Accuracy report (6) 0.9728 57095 1551
stage 7/∞
Accuracy report (7) 0.9729 57095 1547
stage 8/∞
Accuracy report (8) 0.9747 57095 1442
stage 9/∞
Accuracy report (9) 0.9723 57095 1579
stage 10/∞
Accuracy report (10) 0.9758 57095 1380
stage 11/∞
Accuracy report (11) 0.9767 57095 1329
stage 12/∞
Accuracy report (12) 0.9768 57095 1325
stage 13/∞
Accuracy report (13) 0.9766 57095 1336
stage 14/∞
Accuracy report (14) 0.9768 57095 1327
stage 15/∞
Accuracy report (15) 0.9780 57095 1258
stage 16/∞
Accuracy report (16) 0.9774 57095 1293
stage 17/∞
Accuracy report (17) 0.9779 57095 1261
stage 18/∞
Accuracy report (18) 0.9777 57095 1272
stage 19/∞
Accuracy report (19) 0.9780 57095 1257
stage 20/∞
Accuracy report (20) 0.9784 57095 1232
stage 21/∞
Accuracy report (21) 0.9789 57095 1205
stage 22/∞
Accuracy report (22) 0.9786 57095 1222
stage 23/∞
Accuracy report (23) 0.9789 57095 1203
stage 24/∞
Accuracy report (24) 0.9787 57095 1214
stage 25/∞
Accuracy report (25) 0.9794 57095 1174
stage 26/∞
Accuracy report (26) 0.9795 57095 1171
stage 27/∞
Accuracy report (27) 0.9787 57095 1217
stage 28/∞
Accuracy report (28) 0.9788 57095 1211
stage 29/∞
Accuracy report (29) 0.9790 57095 1197
stage 30/∞
Accuracy report (30) 0.9797 57095 1160
stage 31/∞
Accuracy report (31) 0.9794 57095 1179
stage 32/∞
Accuracy report (32) 0.9799 57095 1147
stage 33/∞
Accuracy report (33) 0.9800 57095 1140
stage 34/∞
Accuracy report (34) 0.9803 57095 1124
stage 35/∞
Accuracy report (35) 0.9807 57095 1101
stage 36/∞
Accuracy report (36) 0.9804 57095 1118
stage 37/∞
Accuracy report (37) 0.9801 57095 1135
stage 38/∞
Accuracy report (38) 0.9805 57095 1112
stage 39/∞
Accuracy report (39) 0.9804 57095 1121
stage 40/∞
Accuracy report (40) 0.9809 57095 1091
stage 41/∞
Accuracy report (41) 0.9807 57095 1104
stage 42/∞
Accuracy report (42) 0.9805 57095 1116
stage 43/∞
Accuracy report (43) 0.9805 57095 1111
stage 44/∞
Accuracy report (44) 0.9800 57095 1140
stage 45/∞
Accuracy report (45) 0.9810 57095 1087
stage 46/∞
Accuracy report (46) 0.9804 57095 1119
stage 47/∞
Accuracy report (47) 0.9810 57095 1085
stage 48/∞
Accuracy report (48) 0.9802 57095 1130
stage 49/∞
Accuracy report (49) 0.9815 57095 1057
stage 50/∞
Accuracy report (50) 0.9811 57095 1078
stage 51/∞
Accuracy report (51) 0.9805 57095 1111
stage 52/∞
Accuracy report (52) 0.9804 57095 1117
stage 53/∞
Accuracy report (53) 0.9811 57095 1080
stage 54/∞
Accuracy report (54) 0.9806 57095 1106
stage 55/∞
Accuracy report (55) 0.9806 57095 1105
Moving best model model_35.mlmodel (0.980716347694397) to model_best.mlmodel
