Requirement already satisfied: albumentations in /home/users/j/jacsont/Sandozenv/lib/python3.8/site-packages (1.1.0)
Requirement already satisfied: numpy>=1.11.1 in /home/users/j/jacsont/Sandozenv/lib/python3.8/site-packages (from albumentations) (1.21.4)
Requirement already satisfied: qudida>=0.0.4 in /home/users/j/jacsont/Sandozenv/lib/python3.8/site-packages (from albumentations) (0.0.4)
Requirement already satisfied: scikit-image>=0.16.1 in /home/users/j/jacsont/Sandozenv/lib/python3.8/site-packages (from albumentations) (0.19.0)
Requirement already satisfied: PyYAML in /home/users/j/jacsont/Sandozenv/lib/python3.8/site-packages (from albumentations) (6.0)
Requirement already satisfied: scipy in /home/users/j/jacsont/Sandozenv/lib/python3.8/site-packages (from albumentations) (1.7.3)
Requirement already satisfied: opencv-python-headless>=4.1.1 in /home/users/j/jacsont/Sandozenv/lib/python3.8/site-packages (from albumentations) (4.5.5.62)
Requirement already satisfied: typing-extensions in /home/users/j/jacsont/Sandozenv/lib/python3.8/site-packages (from qudida>=0.0.4->albumentations) (4.0.1)
Requirement already satisfied: scikit-learn>=0.19.1 in /home/users/j/jacsont/Sandozenv/lib/python3.8/site-packages (from qudida>=0.0.4->albumentations) (1.0.2)
Requirement already satisfied: tifffile>=2019.7.26 in /home/users/j/jacsont/Sandozenv/lib/python3.8/site-packages (from scikit-image>=0.16.1->albumentations) (2021.11.2)
Requirement already satisfied: imageio>=2.4.1 in /home/users/j/jacsont/Sandozenv/lib/python3.8/site-packages (from scikit-image>=0.16.1->albumentations) (2.13.3)
Requirement already satisfied: PyWavelets>=1.1.1 in /home/users/j/jacsont/Sandozenv/lib/python3.8/site-packages (from scikit-image>=0.16.1->albumentations) (1.2.0)
Requirement already satisfied: pillow!=7.1.0,!=7.1.1,!=8.3.0,>=6.1.0 in /home/users/j/jacsont/Sandozenv/lib/python3.8/site-packages (from scikit-image>=0.16.1->albumentations) (8.4.0)
Requirement already satisfied: packaging>=20.0 in /home/users/j/jacsont/Sandozenv/lib/python3.8/site-packages (from scikit-image>=0.16.1->albumentations) (21.3)
Requirement already satisfied: networkx>=2.2 in /home/users/j/jacsont/Sandozenv/lib/python3.8/site-packages (from scikit-image>=0.16.1->albumentations) (2.6.3)
Requirement already satisfied: threadpoolctl>=2.0.0 in /home/users/j/jacsont/Sandozenv/lib/python3.8/site-packages (from scikit-learn>=0.19.1->qudida>=0.0.4->albumentations) (3.1.0)
Requirement already satisfied: joblib>=0.11 in /home/users/j/jacsont/Sandozenv/lib/python3.8/site-packages (from scikit-learn>=0.19.1->qudida>=0.0.4->albumentations) (1.1.0)
Requirement already satisfied: pyparsing!=3.0.5,>=2.0.2 in /home/users/j/jacsont/Sandozenv/lib/python3.8/site-packages (from packaging>=20.0->scikit-image>=0.16.1->albumentations) (3.0.6)
WARNING: You are using pip version 20.2.1; however, version 22.0.4 is available.
You should consider upgrading via the '/home/users/j/jacsont/Sandozenv/bin/python3 -m pip install --upgrade pip' command.
KETOS training
WARNING:root:scikit-learn version 1.0.2 is not supported. Minimum required version: 0.17. Maximum required version: 0.19.2. Disabling scikit-learn conversion API.
WARNING:root:Torch version 1.10.0+cu102 has not been tested with coremltools. You may run into unexpected errors. Torch 1.9.1 is the most recent version that has been tested.
Creating model [1,1200,0,3 Cr7,7,64,2,2 Gn32 Cr3,3,128,2,2 Gn32 Cr3,3,128 Gn32 Cr3,3,256 Gn32 Cr3,3,256 Gn32 Lbx32 Lby32 Cr1,1,32 Gn32 Lby32 Lbx32 O2l17] with 17 outputs ✓
Training line types:
  default	2	3
  CustomLine:trailer	3	41
  DefaultLine	4	16646
  HeadingLine	5	366
  CustomLine:propriedad	6	5
Training region types:
  GraphicZone:illustration	7	99
  MainZone	8	164
  CustomZone:title	9	151
  MarginTextZone:colophon	10	56
  MainZone:columns	11	537
  CustomZone:numero_pliego	12	3
  GraphicZone:ornamentation	13	13
  NumberingZone:page	14	87
  CustomZone:impresorNum	15	33
  MarginTextZone:note	16	1
stage 1/50
Accuracy report (1) mean_iu: 0.3162 freq_iu: 0.1970 mean_acc: 0.9433 accuracy: 0.9433
stage 2/50
Accuracy report (2) mean_iu: 0.3503 freq_iu: 0.2981 mean_acc: 0.9463 accuracy: 0.9463
stage 3/50
Accuracy report (3) mean_iu: 0.3776 freq_iu: 0.4305 mean_acc: 0.9688 accuracy: 0.9688
stage 4/50
Accuracy report (4) mean_iu: 0.4016 freq_iu: 0.4792 mean_acc: 0.9722 accuracy: 0.9722
stage 5/50
Accuracy report (5) mean_iu: 0.4154 freq_iu: 0.5029 mean_acc: 0.9726 accuracy: 0.9726
stage 6/50
Accuracy report (6) mean_iu: 0.4186 freq_iu: 0.5057 mean_acc: 0.9732 accuracy: 0.9732
stage 7/50
Accuracy report (7) mean_iu: 0.4300 freq_iu: 0.5131 mean_acc: 0.9748 accuracy: 0.9748
stage 8/50
Accuracy report (8) mean_iu: 0.4391 freq_iu: 0.5255 mean_acc: 0.9736 accuracy: 0.9736
stage 9/50
Accuracy report (9) mean_iu: 0.4714 freq_iu: 0.5563 mean_acc: 0.9772 accuracy: 0.9772
stage 10/50
Accuracy report (10) mean_iu: 0.4680 freq_iu: 0.5603 mean_acc: 0.9755 accuracy: 0.9755
stage 11/50
Accuracy report (11) mean_iu: 0.4694 freq_iu: 0.5491 mean_acc: 0.9690 accuracy: 0.9690
stage 12/50
Accuracy report (12) mean_iu: 0.4960 freq_iu: 0.5752 mean_acc: 0.9762 accuracy: 0.9762
stage 13/50
Accuracy report (13) mean_iu: 0.5057 freq_iu: 0.5611 mean_acc: 0.9762 accuracy: 0.9762
stage 14/50
Accuracy report (14) mean_iu: 0.4834 freq_iu: 0.5605 mean_acc: 0.9752 accuracy: 0.9752
stage 15/50
Accuracy report (15) mean_iu: 0.5213 freq_iu: 0.6272 mean_acc: 0.9797 accuracy: 0.9797
stage 16/50
Accuracy report (16) mean_iu: 0.5300 freq_iu: 0.6058 mean_acc: 0.9771 accuracy: 0.9771
stage 17/50
Accuracy report (17) mean_iu: 0.5522 freq_iu: 0.6542 mean_acc: 0.9808 accuracy: 0.9808
stage 18/50
Accuracy report (18) mean_iu: 0.5458 freq_iu: 0.6214 mean_acc: 0.9782 accuracy: 0.9782
stage 19/50
Accuracy report (19) mean_iu: 0.5553 freq_iu: 0.6315 mean_acc: 0.9796 accuracy: 0.9796
stage 20/50
Accuracy report (20) mean_iu: 0.5557 freq_iu: 0.6595 mean_acc: 0.9811 accuracy: 0.9811
stage 21/50
Accuracy report (21) mean_iu: 0.5488 freq_iu: 0.6503 mean_acc: 0.9798 accuracy: 0.9798
stage 22/50
Accuracy report (22) mean_iu: 0.5574 freq_iu: 0.6411 mean_acc: 0.9792 accuracy: 0.9792
stage 23/50
Accuracy report (23) mean_iu: 0.5750 freq_iu: 0.6815 mean_acc: 0.9824 accuracy: 0.9824
stage 24/50
Accuracy report (24) mean_iu: 0.5700 freq_iu: 0.6808 mean_acc: 0.9822 accuracy: 0.9822
stage 25/50
Accuracy report (25) mean_iu: 0.5816 freq_iu: 0.6747 mean_acc: 0.9817 accuracy: 0.9817
stage 26/50
Accuracy report (26) mean_iu: 0.5263 freq_iu: 0.6908 mean_acc: 0.9832 accuracy: 0.9832
stage 27/50
Accuracy report (27) mean_iu: 0.5928 freq_iu: 0.6916 mean_acc: 0.9829 accuracy: 0.9829
stage 28/50
Accuracy report (28) mean_iu: 0.5342 freq_iu: 0.6933 mean_acc: 0.9827 accuracy: 0.9827
stage 29/50
Accuracy report (29) mean_iu: 0.5390 freq_iu: 0.6889 mean_acc: 0.9822 accuracy: 0.9822
stage 30/50
Accuracy report (30) mean_iu: 0.5394 freq_iu: 0.6773 mean_acc: 0.9820 accuracy: 0.9820
stage 31/50
Accuracy report (31) mean_iu: 0.5553 freq_iu: 0.6407 mean_acc: 0.9791 accuracy: 0.9791
stage 32/50
Accuracy report (32) mean_iu: 0.5833 freq_iu: 0.6776 mean_acc: 0.9816 accuracy: 0.9816
stage 33/50
Accuracy report (33) mean_iu: 0.5841 freq_iu: 0.6842 mean_acc: 0.9822 accuracy: 0.9822
stage 34/50
Accuracy report (34) mean_iu: 0.5670 freq_iu: 0.6465 mean_acc: 0.9796 accuracy: 0.9796
stage 35/50
Accuracy report (35) mean_iu: 0.5873 freq_iu: 0.6759 mean_acc: 0.9818 accuracy: 0.9818
stage 36/50
Accuracy report (36) mean_iu: 0.5913 freq_iu: 0.6821 mean_acc: 0.9822 accuracy: 0.9822
stage 37/50
Accuracy report (37) mean_iu: 0.5374 freq_iu: 0.6841 mean_acc: 0.9826 accuracy: 0.9826
stage 38/50
Accuracy report (38) mean_iu: 0.5338 freq_iu: 0.6700 mean_acc: 0.9802 accuracy: 0.9802
stage 39/50
Accuracy report (39) mean_iu: 0.5467 freq_iu: 0.7006 mean_acc: 0.9833 accuracy: 0.9833
stage 40/50
Accuracy report (40) mean_iu: 0.5444 freq_iu: 0.6872 mean_acc: 0.9824 accuracy: 0.9824
stage 41/50
Accuracy report (41) mean_iu: 0.5458 freq_iu: 0.7017 mean_acc: 0.9836 accuracy: 0.9836
stage 42/50
Accuracy report (42) mean_iu: 0.5440 freq_iu: 0.6876 mean_acc: 0.9826 accuracy: 0.9826
stage 43/50
Accuracy report (43) mean_iu: 0.5527 freq_iu: 0.6935 mean_acc: 0.9830 accuracy: 0.9830
stage 44/50
Accuracy report (44) mean_iu: 0.5455 freq_iu: 0.6915 mean_acc: 0.9826 accuracy: 0.9826
stage 45/50
Accuracy report (45) mean_iu: 0.5566 freq_iu: 0.6960 mean_acc: 0.9832 accuracy: 0.9832
stage 46/50
Accuracy report (46) mean_iu: 0.5545 freq_iu: 0.6993 mean_acc: 0.9831 accuracy: 0.9831
stage 47/50
Accuracy report (47) mean_iu: 0.5605 freq_iu: 0.7088 mean_acc: 0.9842 accuracy: 0.9842
stage 48/50
Accuracy report (48) mean_iu: 0.5470 freq_iu: 0.6764 mean_acc: 0.9813 accuracy: 0.9813
stage 49/50
Accuracy report (49) mean_iu: 0.5582 freq_iu: 0.7047 mean_acc: 0.9836 accuracy: 0.9836
stage 50/50
Accuracy report (50) mean_iu: 0.5500 freq_iu: 0.6861 mean_acc: 0.9827 accuracy: 0.9827
