KETOS training
WARNING:root:scikit-learn version 1.1.3 is not supported. Minimum required version: 0.17. Maximum required version: 0.19.2. Disabling scikit-learn conversion API.
WARNING:root:Torch version 1.11.0+cu102 has not been tested with coremltools. You may run into unexpected errors. Torch 1.10.2 is the most recent version that has been tested.
[10/31/22 15:21:37] WARNING  Text line " " is empty after            train.py:56
                             transformations                                    
[10/31/22 15:21:58] WARNING  Text line " " is empty after            train.py:56
                             transformations                                    
[10/31/22 15:22:21] WARNING  Text line " " is empty after            train.py:56
                             transformations                                    
[10/31/22 15:22:22] WARNING  Text line " " is empty after            train.py:56
                             transformations                                    
[10/31/22 15:59:15] WARNING  Text line " " is empty after            train.py:56
                             transformations                                    
                    WARNING  Text line " " is empty after            train.py:56
                             transformations                                    
                    WARNING  Text line " " is empty after            train.py:56
                             transformations                                    
                    WARNING  Text line " " is empty after            train.py:56
                             transformations                                    
[10/31/22 15:59:16] WARNING  Text line " " is empty after            train.py:56
                             transformations                                    
                    WARNING  Text line " " is empty after            train.py:56
                             transformations                                    
                    WARNING  Text line " " is empty after            train.py:56
                             transformations                                    
                    WARNING  Text line " " is empty after            train.py:56
                             transformations                                    
[10/31/22 15:59:16] WARNING  Text line " " is empty after            train.py:56
                             transformations                                    
                    WARNING  Text line " " is empty after            train.py:56
                             transformations                                    
                    WARNING  Text line " " is empty after            train.py:56
                             transformations                                    
                    WARNING  Text line " " is empty after            train.py:56
                             transformations                                    
                    WARNING  Text line " " is empty after            train.py:56
                             transformations                                    
[10/31/22 15:59:18] WARNING  Text line " " is empty after            train.py:56
                             transformations                                    
                    WARNING  Text line " " is empty after            train.py:56
                             transformations                                    
                    WARNING  Text line " " is empty after            train.py:56
                             transformations                                    
                    WARNING  Text line " " is empty after            train.py:56
                             transformations                                    
                    WARNING  Text line " " is empty after            train.py:56
                             transformations                                    
[10/31/22 15:59:18] WARNING  Text line " " is empty after            train.py:56
                             transformations                                    
                    WARNING  Text line " " is empty after            train.py:56
                             transformations                                    
                    WARNING  Text line " " is empty after            train.py:56
                             transformations                                    
                    WARNING  Text line " " is empty after            train.py:56
                             transformations                                    
                    WARNING  Text line " " is empty after            train.py:56
                             transformations                                    
[10/31/22 15:59:19] WARNING  Text line " " is empty after            train.py:56
                             transformations                                    
                    WARNING  Text line " " is empty after            train.py:56
                             transformations                                    
                    WARNING  Text line " " is empty after            train.py:56
                             transformations                                    
[10/31/22 16:12:19] WARNING  Text line " " is empty after            train.py:56
                             transformations                                    
[10/31/22 16:12:31] WARNING  Text line " " is empty after            train.py:56
                             transformations                                    
Multiprocessing is handled by SLURM.
Trainer already configured with model summary callbacks: [<class 'pytorch_lightning.callbacks.rich_model_summary.RichModelSummary'>]. Skipping setting a default `ModelSummary` callback.
GPU available: True, used: False
TPU available: False, using: 0 TPU cores
IPU available: False, using: 0 IPUs
HPU available: False, using: 0 HPUs
`Trainer(val_check_interval=1.0)` was configured so validation will run at the end of the training epoch..
┏━━━━┳━━━━━━━━━━━┳━━━━━━━━━━━━━━━━━━━━━━━━━━┳━━━━━━━━┓
┃    ┃ Name      ┃ Type                     ┃ Params ┃
┡━━━━╇━━━━━━━━━━━╇━━━━━━━━━━━━━━━━━━━━━━━━━━╇━━━━━━━━┩
│ 0  │ net       │ MultiParamSequential     │  4.0 M │
│ 1  │ net.C_0   │ ActConv2D                │  1.3 K │
│ 2  │ net.Do_1  │ Dropout                  │      0 │
│ 3  │ net.Mp_2  │ MaxPool                  │      0 │
│ 4  │ net.C_3   │ ActConv2D                │ 40.0 K │
│ 5  │ net.Do_4  │ Dropout                  │      0 │
│ 6  │ net.Mp_5  │ MaxPool                  │      0 │
│ 7  │ net.C_6   │ ActConv2D                │ 55.4 K │
│ 8  │ net.Do_7  │ Dropout                  │      0 │
│ 9  │ net.Mp_8  │ MaxPool                  │      0 │
│ 10 │ net.C_9   │ ActConv2D                │  110 K │
│ 11 │ net.Do_10 │ Dropout                  │      0 │
│ 12 │ net.S_11  │ Reshape                  │      0 │
│ 13 │ net.L_12  │ TransposedSummarizingRNN │  1.9 M │
│ 14 │ net.Do_13 │ Dropout                  │      0 │
│ 15 │ net.L_14  │ TransposedSummarizingRNN │  963 K │
│ 16 │ net.Do_15 │ Dropout                  │      0 │
│ 17 │ net.L_16  │ TransposedSummarizingRNN │  963 K │
│ 18 │ net.Do_17 │ Dropout                  │      0 │
│ 19 │ net.O_18  │ LinSoftmax               │ 45.7 K │
└────┴───────────┴──────────────────────────┴────────┘
Trainable params: 4.0 M                                                         
Non-trainable params: 0                                                         
Total params: 4.0 M                                                             
Total estimated model params size (MB): 16                                      
SLURM auto-requeueing enabled. Setting signal handlers.
stage 0/∞  ━━━━━━━━━━━ 54856/54856 0:00:00 1 day,      val_accura… early_stoppi…
                                           17:28:38    0.92561     0/20 0.92561 
srun: Job step aborted: Waiting up to 92 seconds for job step to finish.
slurmstepd: error: *** JOB 13517912 ON gpu004 CANCELLED AT 2022-11-02T15:20:39 DUE TO TIME LIMIT ***
slurmstepd: error: *** STEP 13517912.0 ON gpu004 CANCELLED AT 2022-11-02T15:20:39 DUE TO TIME LIMIT ***
bypassing sigterm
