Requirement already satisfied: albumentations in /home/users/j/jacsont/Sandozenv/lib/python3.8/site-packages (1.1.0)
Requirement already satisfied: scipy in /home/users/j/jacsont/Sandozenv/lib/python3.8/site-packages (from albumentations) (1.7.3)
Requirement already satisfied: opencv-python-headless>=4.1.1 in /home/users/j/jacsont/Sandozenv/lib/python3.8/site-packages (from albumentations) (4.5.5.62)
Requirement already satisfied: qudida>=0.0.4 in /home/users/j/jacsont/Sandozenv/lib/python3.8/site-packages (from albumentations) (0.0.4)
Requirement already satisfied: numpy>=1.11.1 in /home/users/j/jacsont/Sandozenv/lib/python3.8/site-packages (from albumentations) (1.21.4)
Requirement already satisfied: PyYAML in /home/users/j/jacsont/Sandozenv/lib/python3.8/site-packages (from albumentations) (6.0)
Requirement already satisfied: scikit-image>=0.16.1 in /home/users/j/jacsont/Sandozenv/lib/python3.8/site-packages (from albumentations) (0.19.0)
Requirement already satisfied: scikit-learn>=0.19.1 in /home/users/j/jacsont/Sandozenv/lib/python3.8/site-packages (from qudida>=0.0.4->albumentations) (1.0.2)
Requirement already satisfied: typing-extensions in /home/users/j/jacsont/Sandozenv/lib/python3.8/site-packages (from qudida>=0.0.4->albumentations) (4.0.1)
Requirement already satisfied: networkx>=2.2 in /home/users/j/jacsont/Sandozenv/lib/python3.8/site-packages (from scikit-image>=0.16.1->albumentations) (2.6.3)
Requirement already satisfied: pillow!=7.1.0,!=7.1.1,!=8.3.0,>=6.1.0 in /home/users/j/jacsont/Sandozenv/lib/python3.8/site-packages (from scikit-image>=0.16.1->albumentations) (8.4.0)
Requirement already satisfied: PyWavelets>=1.1.1 in /home/users/j/jacsont/Sandozenv/lib/python3.8/site-packages (from scikit-image>=0.16.1->albumentations) (1.2.0)
Requirement already satisfied: packaging>=20.0 in /home/users/j/jacsont/Sandozenv/lib/python3.8/site-packages (from scikit-image>=0.16.1->albumentations) (21.3)
Requirement already satisfied: imageio>=2.4.1 in /home/users/j/jacsont/Sandozenv/lib/python3.8/site-packages (from scikit-image>=0.16.1->albumentations) (2.13.3)
Requirement already satisfied: tifffile>=2019.7.26 in /home/users/j/jacsont/Sandozenv/lib/python3.8/site-packages (from scikit-image>=0.16.1->albumentations) (2021.11.2)
Requirement already satisfied: threadpoolctl>=2.0.0 in /home/users/j/jacsont/Sandozenv/lib/python3.8/site-packages (from scikit-learn>=0.19.1->qudida>=0.0.4->albumentations) (3.1.0)
Requirement already satisfied: joblib>=0.11 in /home/users/j/jacsont/Sandozenv/lib/python3.8/site-packages (from scikit-learn>=0.19.1->qudida>=0.0.4->albumentations) (1.1.0)
Requirement already satisfied: pyparsing!=3.0.5,>=2.0.2 in /home/users/j/jacsont/Sandozenv/lib/python3.8/site-packages (from packaging>=20.0->scikit-image>=0.16.1->albumentations) (3.0.6)
WARNING: You are using pip version 20.2.1; however, version 22.2.2 is available.
You should consider upgrading via the '/home/users/j/jacsont/Sandozenv/bin/python3 -m pip install --upgrade pip' command.
KETOS training
WARNING:root:scikit-learn version 1.0.2 is not supported. Minimum required version: 0.17. Maximum required version: 0.19.2. Disabling scikit-learn conversion API.
WARNING:root:Torch version 1.10.0+cu102 has not been tested with coremltools. You may run into unexpected errors. Torch 1.9.1 is the most recent version that has been tested.
Creating model [1,1200,0,3 Cr7,7,64,2,2 Gn32 Cr3,3,128,2,2 Gn32 Cr3,3,128 Gn32 Cr3,3,256 Gn32 Cr3,3,256 Gn32 Lbx32 Lby32 Cr1,1,32 Gn32 Lby32 Lbx32 O2l19] with 19 outputs ✓
Training line types:
  CustomLine:trailer	2	117
  DefaultLine	3	47583
  default	4	186
  HeadingLine	5	1194
  CustomLine:propriedad	6	57
Training region types:
  MarginTextZone:colophon	7	229
  CustomZone:impresorNum	8	84
  MainZone	9	434
  NumberingZone:page	10	184
  text	11	28
  QuireMarksZone:catchwords	12	3
  CustomZone:numero_pliego	13	12
  MainZone:columns	14	2272
  CustomZone:title	15	505
  GraphicZone:illustration	16	340
  MarginTextZone:note	17	2
  GraphicZone:ornamentation	18	26
stage 1/50
Accuracy report (1) mean_iu: 0.1722 freq_iu: 0.5155 mean_acc: 0.9804 accuracy: 0.9804
stage 2/50
Accuracy report (2) mean_iu: 0.2383 freq_iu: 0.6137 mean_acc: 0.9838 accuracy: 0.9838
stage 3/50
Accuracy report (3) mean_iu: 0.2161 freq_iu: 0.6330 mean_acc: 0.9839 accuracy: 0.9839
stage 4/50
Accuracy report (4) mean_iu: 0.2101 freq_iu: 0.6698 mean_acc: 0.9852 accuracy: 0.9852
stage 5/50
Accuracy report (5) mean_iu: 0.3205 freq_iu: 0.6780 mean_acc: 0.9861 accuracy: 0.9861
stage 6/50
Accuracy report (6) mean_iu: 0.3231 freq_iu: 0.6706 mean_acc: 0.9841 accuracy: 0.9841
stage 7/50
Accuracy report (7) mean_iu: 0.3366 freq_iu: 0.6851 mean_acc: 0.9863 accuracy: 0.9863
stage 8/50
Accuracy report (8) mean_iu: 0.3559 freq_iu: 0.7054 mean_acc: 0.9867 accuracy: 0.9867
stage 9/50
Accuracy report (9) mean_iu: 0.3584 freq_iu: 0.6958 mean_acc: 0.9862 accuracy: 0.9862
stage 10/50
Accuracy report (10) mean_iu: 0.3598 freq_iu: 0.7058 mean_acc: 0.9863 accuracy: 0.9863
stage 11/50
Accuracy report (11) mean_iu: 0.3614 freq_iu: 0.7008 mean_acc: 0.9864 accuracy: 0.9864
stage 12/50
Accuracy report (12) mean_iu: 0.3541 freq_iu: 0.6996 mean_acc: 0.9850 accuracy: 0.9850
stage 13/50
Accuracy report (13) mean_iu: 0.3753 freq_iu: 0.7123 mean_acc: 0.9869 accuracy: 0.9869
stage 14/50
Accuracy report (14) mean_iu: 0.3712 freq_iu: 0.7167 mean_acc: 0.9868 accuracy: 0.9868
stage 15/50
Accuracy report (15) mean_iu: 0.3819 freq_iu: 0.7291 mean_acc: 0.9878 accuracy: 0.9878
stage 16/50
Accuracy report (16) mean_iu: 0.3853 freq_iu: 0.7342 mean_acc: 0.9879 accuracy: 0.9879
stage 17/50
Accuracy report (17) mean_iu: 0.3702 freq_iu: 0.7265 mean_acc: 0.9868 accuracy: 0.9868
stage 18/50
Accuracy report (18) mean_iu: 0.3765 freq_iu: 0.7321 mean_acc: 0.9874 accuracy: 0.9874
stage 19/50
Accuracy report (19) mean_iu: 0.3830 freq_iu: 0.7357 mean_acc: 0.9881 accuracy: 0.9881
stage 20/50
Accuracy report (20) mean_iu: 0.3867 freq_iu: 0.7466 mean_acc: 0.9886 accuracy: 0.9886
stage 21/50
Accuracy report (21) mean_iu: 0.3916 freq_iu: 0.7397 mean_acc: 0.9885 accuracy: 0.9885
stage 22/50
Accuracy report (22) mean_iu: 0.3930 freq_iu: 0.7471 mean_acc: 0.9888 accuracy: 0.9888
stage 23/50
Accuracy report (23) mean_iu: 0.3803 freq_iu: 0.7342 mean_acc: 0.9875 accuracy: 0.9875
stage 24/50
Accuracy report (24) mean_iu: 0.3892 freq_iu: 0.7296 mean_acc: 0.9877 accuracy: 0.9877
stage 25/50
Accuracy report (25) mean_iu: 0.3843 freq_iu: 0.7339 mean_acc: 0.9880 accuracy: 0.9880
stage 26/50
Accuracy report (26) mean_iu: 0.3798 freq_iu: 0.7272 mean_acc: 0.9876 accuracy: 0.9876
stage 27/50
Accuracy report (27) mean_iu: 0.3952 freq_iu: 0.7259 mean_acc: 0.9873 accuracy: 0.9873
stage 28/50
Accuracy report (28) mean_iu: 0.3991 freq_iu: 0.7366 mean_acc: 0.9882 accuracy: 0.9882
stage 29/50
Accuracy report (29) mean_iu: 0.3952 freq_iu: 0.7450 mean_acc: 0.9884 accuracy: 0.9884
stage 30/50
Accuracy report (30) mean_iu: 0.4029 freq_iu: 0.7462 mean_acc: 0.9884 accuracy: 0.9884
stage 31/50
Accuracy report (31) mean_iu: 0.4151 freq_iu: 0.7501 mean_acc: 0.9888 accuracy: 0.9888
stage 32/50
Accuracy report (32) mean_iu: 0.4075 freq_iu: 0.7510 mean_acc: 0.9888 accuracy: 0.9888
stage 33/50
Accuracy report (33) mean_iu: 0.4014 freq_iu: 0.7355 mean_acc: 0.9877 accuracy: 0.9877
stage 34/50
Accuracy report (34) mean_iu: 0.4046 freq_iu: 0.7465 mean_acc: 0.9884 accuracy: 0.9884
stage 35/50
Accuracy report (35) mean_iu: 0.4116 freq_iu: 0.7288 mean_acc: 0.9869 accuracy: 0.9869
stage 36/50
Accuracy report (36) mean_iu: 0.4131 freq_iu: 0.7535 mean_acc: 0.9890 accuracy: 0.9890
stage 37/50
Accuracy report (37) mean_iu: 0.4201 freq_iu: 0.7467 mean_acc: 0.9882 accuracy: 0.9882
stage 38/50
Accuracy report (38) mean_iu: 0.4030 freq_iu: 0.7316 mean_acc: 0.9872 accuracy: 0.9872
stage 39/50
Accuracy report (39) mean_iu: 0.4201 freq_iu: 0.7462 mean_acc: 0.9886 accuracy: 0.9886
stage 40/50
Accuracy report (40) mean_iu: 0.3979 freq_iu: 0.7315 mean_acc: 0.9872 accuracy: 0.9872
stage 41/50
Accuracy report (41) mean_iu: 0.3968 freq_iu: 0.7328 mean_acc: 0.9879 accuracy: 0.9879
stage 42/50
Accuracy report (42) mean_iu: 0.4031 freq_iu: 0.7422 mean_acc: 0.9881 accuracy: 0.9881
stage 43/50
Accuracy report (43) mean_iu: 0.4285 freq_iu: 0.7472 mean_acc: 0.9886 accuracy: 0.9886
stage 44/50
Accuracy report (44) mean_iu: 0.4383 freq_iu: 0.7480 mean_acc: 0.9885 accuracy: 0.9885
stage 45/50
Accuracy report (45) mean_iu: 0.4469 freq_iu: 0.7550 mean_acc: 0.9888 accuracy: 0.9888
stage 46/50
Accuracy report (46) mean_iu: 0.4379 freq_iu: 0.7543 mean_acc: 0.9891 accuracy: 0.9891
stage 47/50
Accuracy report (47) mean_iu: 0.4365 freq_iu: 0.7540 mean_acc: 0.9891 accuracy: 0.9891
stage 48/50
Accuracy report (48) mean_iu: 0.4400 freq_iu: 0.7456 mean_acc: 0.9886 accuracy: 0.9886
stage 49/50
Accuracy report (49) mean_iu: 0.4472 freq_iu: 0.7615 mean_acc: 0.9895 accuracy: 0.9895
stage 50/50
Accuracy report (50) mean_iu: 0.4430 freq_iu: 0.7464 mean_acc: 0.9886 accuracy: 0.9886
