KETOS training
WARNING:root:scikit-learn version 1.1.3 is not supported. Minimum required version: 0.17. Maximum required version: 0.19.2. Disabling scikit-learn conversion API.
WARNING:root:Torch version 1.11.0+cu102 has not been tested with coremltools. You may run into unexpected errors. Torch 1.10.2 is the most recent version that has been tested.
[11/01/22 15:52:32] WARNING  Text line " " is empty after           train.py:351
                             transformations                                    
                    WARNING  Text line " " is empty after           train.py:351
                             transformations                                    
                    WARNING  Text line " " is empty after           train.py:351
                             transformations                                    
                    WARNING  Text line " " is empty after           train.py:351
                             transformations                                    
[11/01/22 15:52:35] WARNING  Text line " " is empty after           train.py:351
                             transformations                                    
                    WARNING  Text line " " is empty after           train.py:351
                             transformations                                    
                    WARNING  Text line " " is empty after           train.py:351
                             transformations                                    
                    WARNING  Text line " " is empty after           train.py:351
                             transformations                                    
                    WARNING  Text line " " is empty after           train.py:351
                             transformations                                    
                    WARNING  Text line " " is empty after           train.py:351
                             transformations                                    
                    WARNING  Text line " " is empty after           train.py:351
                             transformations                                    
                    WARNING  Text line " " is empty after           train.py:351
                             transformations                                    
                    WARNING  Text line " " is empty after           train.py:351
                             transformations                                    
                    WARNING  Text line " " is empty after           train.py:351
                             transformations                                    
                    WARNING  Text line " " is empty after           train.py:351
                             transformations                                    
                    WARNING  Text line " " is empty after           train.py:351
                             transformations                                    
                    WARNING  Text line " " is empty after           train.py:351
                             transformations                                    
                    WARNING  Text line " " is empty after           train.py:351
                             transformations                                    
                    WARNING  Text line " " is empty after           train.py:351
                             transformations                                    
                    WARNING  Text line " " is empty after           train.py:351
                             transformations                                    
                    WARNING  Text line " " is empty after           train.py:351
                             transformations                                    
                    WARNING  Text line " " is empty after           train.py:351
                             transformations                                    
                    WARNING  Text line " " is empty after           train.py:351
                             transformations                                    
                    WARNING  Text line " " is empty after           train.py:351
                             transformations                                    
                    WARNING  Text line " " is empty after           train.py:351
                             transformations                                    
                    WARNING  Text line " " is empty after           train.py:351
                             transformations                                    
                    WARNING  Text line " " is empty after           train.py:351
                             transformations                                    
                    WARNING  Text line " " is empty after           train.py:351
                             transformations                                    
                    WARNING  Text line " " is empty after           train.py:351
                             transformations                                    
                    WARNING  Text line " " is empty after           train.py:351
                             transformations                                    
[11/01/22 15:52:36] WARNING  Text line " " is empty after           train.py:351
                             transformations                                    
                    WARNING  Text line " " is empty after           train.py:351
                             transformations                                    
Multiprocessing is handled by SLURM.
Trainer already configured with model summary callbacks: [<class 'pytorch_lightning.callbacks.rich_model_summary.RichModelSummary'>]. Skipping setting a default `ModelSummary` callback.
GPU available: True, used: False
TPU available: False, using: 0 TPU cores
IPU available: False, using: 0 IPUs
HPU available: False, using: 0 HPUs
`Trainer(val_check_interval=1.0)` was configured so validation will run at the end of the training epoch..
┏━━━━┳━━━━━━━━━━━┳━━━━━━━━━━━━━━━━━━━━━━━━━━┳━━━━━━━━┓
┃    ┃ Name      ┃ Type                     ┃ Params ┃
┡━━━━╇━━━━━━━━━━━╇━━━━━━━━━━━━━━━━━━━━━━━━━━╇━━━━━━━━┩
│ 0  │ net       │ MultiParamSequential     │  4.4 M │
│ 1  │ net.C_0   │ ActConv2D                │    288 │
│ 2  │ net.Gn_1  │ GroupNorm                │     64 │
│ 3  │ net.C_2   │ ActConv2D                │ 16.4 K │
│ 4  │ net.Gn_3  │ GroupNorm                │    128 │
│ 5  │ net.Mp_4  │ MaxPool                  │      0 │
│ 6  │ net.C_5   │ ActConv2D                │ 73.9 K │
│ 7  │ net.Gn_6  │ GroupNorm                │    256 │
│ 8  │ net.Mp_7  │ MaxPool                  │      0 │
│ 9  │ net.S_8   │ Reshape                  │      0 │
│ 10 │ net.L_9   │ TransposedSummarizingRNN │  1.1 M │
│ 11 │ net.Do_10 │ Dropout                  │      0 │
│ 12 │ net.L_11  │ TransposedSummarizingRNN │  1.6 M │
│ 13 │ net.Do_12 │ Dropout                  │      0 │
│ 14 │ net.L_13  │ TransposedSummarizingRNN │  1.6 M │
│ 15 │ net.Do_14 │ Dropout                  │      0 │
│ 16 │ net.O_15  │ LinSoftmax               │ 72.3 K │
└────┴───────────┴──────────────────────────┴────────┘
Trainable params: 4.4 M                                                         
Non-trainable params: 0                                                         
Total params: 4.4 M                                                             
Total estimated model params size (MB): 17                                      
SLURM auto-requeueing enabled. Setting signal handlers.
stage 0/∞  ━━━━━━━━━━━━━ 54856/54856 0:00:00 4:41:12 val_accurac… early_stoppin…
                                                     0.91889      0/5 0.91889   
stage 1/∞  ━━━━━━━━━━━━━ 54856/54856 0:00:00 4:44:33 val_accurac… early_stoppin…
                                                     0.93085      0/5 0.93085   
stage 2/∞  ━━━━━━━━━━━━━ 54856/54856 0:00:00 4:47:19 val_accurac… early_stoppin…
                                                     0.93546      0/5 0.93546   
stage 3/∞  ━━━━━━━━━━━━━ 54856/54856 0:00:00 4:53:41 val_accurac… early_stoppin…
                                                     0.93381      1/5 0.93546   
