KETOS training
WARNING:root:scikit-learn version 1.1.3 is not supported. Minimum required version: 0.17. Maximum required version: 0.19.2. Disabling scikit-learn conversion API.
WARNING:root:Torch version 1.11.0+cu102 has not been tested with coremltools. You may run into unexpected errors. Torch 1.10.2 is the most recent version that has been tested.
╭───────────────────── Traceback (most recent call last) ──────────────────────╮
│ /home/users/j/jacsont/kraken-env/bin/ketos:8 in <module>                     │
│                                                                              │
│   5 from kraken.ketos import cli                                             │
│   6 if __name__ == '__main__':                                               │
│   7 │   sys.argv[0] = re.sub(r'(-script\.pyw|\.exe)?$', '', sys.argv[0])     │
│ ❱ 8 │   sys.exit(cli())                                                      │
│   9                                                                          │
│                                                                              │
│ /home/users/j/jacsont/kraken-env/lib/python3.8/site-packages/click/core.py:1 │
│ 130 in __call__                                                              │
│                                                                              │
│ /home/users/j/jacsont/kraken-env/lib/python3.8/site-packages/click/core.py:1 │
│ 055 in main                                                                  │
│                                                                              │
│ /home/users/j/jacsont/kraken-env/lib/python3.8/site-packages/click/core.py:1 │
│ 657 in invoke                                                                │
│                                                                              │
│ /home/users/j/jacsont/kraken-env/lib/python3.8/site-packages/click/core.py:1 │
│ 404 in invoke                                                                │
│                                                                              │
│ /home/users/j/jacsont/kraken-env/lib/python3.8/site-packages/click/core.py:7 │
│ 60 in invoke                                                                 │
│                                                                              │
│ /home/users/j/jacsont/kraken-env/lib/python3.8/site-packages/click/decorator │
│ s.py:26 in new_func                                                          │
│                                                                              │
│ /home/users/j/jacsont/kraken-env/lib/python3.8/site-packages/kraken/ketos.py │
│ :585 in train                                                                │
│                                                                              │
│    582 │   if device == 'cpu':                                               │
│    583 │   │   device = None                                                 │
│    584 │   elif device.startswith('cuda'):                                   │
│ ❱  585 │   │   device = [int(device.split(':')[-1])]                         │
│    586 │                                                                     │
│    587 │   if hyper_params['freq'] > 1:                                      │
│    588 │   │   val_check_interval = {'check_val_every_n_epoch': int(hyper_pa │
╰──────────────────────────────────────────────────────────────────────────────╯
ValueError: invalid literal for int() with base 10: 'cuda'
srun: error: gpu004: task 0: Exited with exit code 1
