Requirement already satisfied: albumentations in /home/users/j/jacsont/kraken-env/lib/python3.8/site-packages (1.3.0)
Requirement already satisfied: scipy in /home/users/j/jacsont/kraken-env/lib/python3.8/site-packages (from albumentations) (1.8.1)
Requirement already satisfied: opencv-python-headless>=4.1.1 in /home/users/j/jacsont/kraken-env/lib/python3.8/site-packages (from albumentations) (4.6.0.66)
Requirement already satisfied: numpy>=1.11.1 in /home/users/j/jacsont/kraken-env/lib/python3.8/site-packages (from albumentations) (1.22.4)
Requirement already satisfied: scikit-image>=0.16.1 in /home/users/j/jacsont/kraken-env/lib/python3.8/site-packages (from albumentations) (0.19.2)
Requirement already satisfied: qudida>=0.0.4 in /home/users/j/jacsont/kraken-env/lib/python3.8/site-packages (from albumentations) (0.0.4)
Requirement already satisfied: PyYAML in /home/users/j/jacsont/kraken-env/lib/python3.8/site-packages (from albumentations) (6.0)
Requirement already satisfied: scikit-learn>=0.19.1 in /home/users/j/jacsont/kraken-env/lib/python3.8/site-packages (from qudida>=0.0.4->albumentations) (1.1.3)
Requirement already satisfied: typing-extensions in /home/users/j/jacsont/kraken-env/lib/python3.8/site-packages (from qudida>=0.0.4->albumentations) (4.2.0)
Requirement already satisfied: imageio>=2.4.1 in /home/users/j/jacsont/kraken-env/lib/python3.8/site-packages (from scikit-image>=0.16.1->albumentations) (2.19.3)
Requirement already satisfied: PyWavelets>=1.1.1 in /home/users/j/jacsont/kraken-env/lib/python3.8/site-packages (from scikit-image>=0.16.1->albumentations) (1.3.0)
Requirement already satisfied: networkx>=2.2 in /home/users/j/jacsont/kraken-env/lib/python3.8/site-packages (from scikit-image>=0.16.1->albumentations) (2.8.4)
Requirement already satisfied: tifffile>=2019.7.26 in /home/users/j/jacsont/kraken-env/lib/python3.8/site-packages (from scikit-image>=0.16.1->albumentations) (2022.5.4)
Requirement already satisfied: packaging>=20.0 in /home/users/j/jacsont/kraken-env/lib/python3.8/site-packages (from scikit-image>=0.16.1->albumentations) (21.3)
Requirement already satisfied: pillow!=7.1.0,!=7.1.1,!=8.3.0,>=6.1.0 in /home/users/j/jacsont/kraken-env/lib/python3.8/site-packages (from scikit-image>=0.16.1->albumentations) (9.1.1)
Requirement already satisfied: pyparsing!=3.0.5,>=2.0.2 in /home/users/j/jacsont/kraken-env/lib/python3.8/site-packages (from packaging>=20.0->scikit-image>=0.16.1->albumentations) (3.0.9)
Requirement already satisfied: joblib>=1.0.0 in /home/users/j/jacsont/kraken-env/lib/python3.8/site-packages (from scikit-learn>=0.19.1->qudida>=0.0.4->albumentations) (1.2.0)
Requirement already satisfied: threadpoolctl>=2.0.0 in /home/users/j/jacsont/kraken-env/lib/python3.8/site-packages (from scikit-learn>=0.19.1->qudida>=0.0.4->albumentations) (3.1.0)

[notice] A new release of pip available: 22.1.2 -> 22.3
[notice] To update, run: pip install --upgrade pip
KETOS training
WARNING:root:scikit-learn version 1.1.3 is not supported. Minimum required version: 0.17. Maximum required version: 0.19.2. Disabling scikit-learn conversion API.
WARNING:root:Torch version 1.11.0+cu102 has not been tested with coremltools. You may run into unexpected errors. Torch 1.10.2 is the most recent version that has been tested.
╭───────────────────── Traceback (most recent call last) ──────────────────────╮
│ /home/users/j/jacsont/kraken-env/bin/ketos:8 in <module>                     │
│                                                                              │
│   5 from kraken.ketos import cli                                             │
│   6 if __name__ == '__main__':                                               │
│   7 │   sys.argv[0] = re.sub(r'(-script\.pyw|\.exe)?$', '', sys.argv[0])     │
│ ❱ 8 │   sys.exit(cli())                                                      │
│   9                                                                          │
│                                                                              │
│ /home/users/j/jacsont/kraken-env/lib/python3.8/site-packages/click/core.py:1 │
│ 130 in __call__                                                              │
│                                                                              │
│ /home/users/j/jacsont/kraken-env/lib/python3.8/site-packages/click/core.py:1 │
│ 055 in main                                                                  │
│                                                                              │
│ /home/users/j/jacsont/kraken-env/lib/python3.8/site-packages/click/core.py:1 │
│ 657 in invoke                                                                │
│                                                                              │
│ /home/users/j/jacsont/kraken-env/lib/python3.8/site-packages/click/core.py:1 │
│ 404 in invoke                                                                │
│                                                                              │
│ /home/users/j/jacsont/kraken-env/lib/python3.8/site-packages/click/core.py:7 │
│ 60 in invoke                                                                 │
│                                                                              │
│ /home/users/j/jacsont/kraken-env/lib/python3.8/site-packages/click/decorator │
│ s.py:26 in new_func                                                          │
│                                                                              │
│ /home/users/j/jacsont/kraken-env/lib/python3.8/site-packages/kraken/ketos.py │
│ :585 in train                                                                │
│                                                                              │
│    582 │   if device == 'cpu':                                               │
│    583 │   │   device = None                                                 │
│    584 │   elif device.startswith('cuda'):                                   │
│ ❱  585 │   │   device = [int(device.split(':')[-1])]                         │
│    586 │                                                                     │
│    587 │   if hyper_params['freq'] > 1:                                      │
│    588 │   │   val_check_interval = {'check_val_every_n_epoch': int(hyper_pa │
╰──────────────────────────────────────────────────────────────────────────────╯
ValueError: invalid literal for int() with base 10: 'cuda'
srun: error: gpu004: task 0: Exited with exit code 1
