Requirement already satisfied: albumentations in /home/users/j/jacsont/Sandozenv/lib/python3.8/site-packages (1.1.0)
Requirement already satisfied: numpy>=1.11.1 in /home/users/j/jacsont/Sandozenv/lib/python3.8/site-packages (from albumentations) (1.21.4)
Requirement already satisfied: qudida>=0.0.4 in /home/users/j/jacsont/Sandozenv/lib/python3.8/site-packages (from albumentations) (0.0.4)
Requirement already satisfied: opencv-python-headless>=4.1.1 in /home/users/j/jacsont/Sandozenv/lib/python3.8/site-packages (from albumentations) (4.5.5.62)
Requirement already satisfied: scipy in /home/users/j/jacsont/Sandozenv/lib/python3.8/site-packages (from albumentations) (1.7.3)
Requirement already satisfied: scikit-image>=0.16.1 in /home/users/j/jacsont/Sandozenv/lib/python3.8/site-packages (from albumentations) (0.19.0)
Requirement already satisfied: PyYAML in /home/users/j/jacsont/Sandozenv/lib/python3.8/site-packages (from albumentations) (6.0)
Requirement already satisfied: scikit-learn>=0.19.1 in /home/users/j/jacsont/Sandozenv/lib/python3.8/site-packages (from qudida>=0.0.4->albumentations) (1.0.2)
Requirement already satisfied: typing-extensions in /home/users/j/jacsont/Sandozenv/lib/python3.8/site-packages (from qudida>=0.0.4->albumentations) (4.0.1)
Requirement already satisfied: packaging>=20.0 in /home/users/j/jacsont/Sandozenv/lib/python3.8/site-packages (from scikit-image>=0.16.1->albumentations) (21.3)
Requirement already satisfied: imageio>=2.4.1 in /home/users/j/jacsont/Sandozenv/lib/python3.8/site-packages (from scikit-image>=0.16.1->albumentations) (2.13.3)
Requirement already satisfied: PyWavelets>=1.1.1 in /home/users/j/jacsont/Sandozenv/lib/python3.8/site-packages (from scikit-image>=0.16.1->albumentations) (1.2.0)
Requirement already satisfied: networkx>=2.2 in /home/users/j/jacsont/Sandozenv/lib/python3.8/site-packages (from scikit-image>=0.16.1->albumentations) (2.6.3)
Requirement already satisfied: pillow!=7.1.0,!=7.1.1,!=8.3.0,>=6.1.0 in /home/users/j/jacsont/Sandozenv/lib/python3.8/site-packages (from scikit-image>=0.16.1->albumentations) (8.4.0)
Requirement already satisfied: tifffile>=2019.7.26 in /home/users/j/jacsont/Sandozenv/lib/python3.8/site-packages (from scikit-image>=0.16.1->albumentations) (2021.11.2)
Requirement already satisfied: joblib>=0.11 in /home/users/j/jacsont/Sandozenv/lib/python3.8/site-packages (from scikit-learn>=0.19.1->qudida>=0.0.4->albumentations) (1.1.0)
Requirement already satisfied: threadpoolctl>=2.0.0 in /home/users/j/jacsont/Sandozenv/lib/python3.8/site-packages (from scikit-learn>=0.19.1->qudida>=0.0.4->albumentations) (3.1.0)
Requirement already satisfied: pyparsing!=3.0.5,>=2.0.2 in /home/users/j/jacsont/Sandozenv/lib/python3.8/site-packages (from packaging>=20.0->scikit-image>=0.16.1->albumentations) (3.0.6)
WARNING: You are using pip version 20.2.1; however, version 22.1.2 is available.
You should consider upgrading via the '/home/users/j/jacsont/Sandozenv/bin/python3 -m pip install --upgrade pip' command.
KETOS training
Usage: ketos train [OPTIONS] [GROUND_TRUTH]...
Try 'ketos train --help' for help.

Error: Invalid value for '[GROUND_TRUTH]...': File '/home/users/j/jacsont/Varios-OCR-files/Grountruth/Data+varios' is a directory.
