Requirement already satisfied: albumentations in /home/users/j/jacsont/Sandozenv/lib/python3.8/site-packages (1.1.0)
Requirement already satisfied: scikit-image>=0.16.1 in /home/users/j/jacsont/Sandozenv/lib/python3.8/site-packages (from albumentations) (0.19.0)
Requirement already satisfied: opencv-python-headless>=4.1.1 in /home/users/j/jacsont/Sandozenv/lib/python3.8/site-packages (from albumentations) (4.5.5.62)
Requirement already satisfied: numpy>=1.11.1 in /home/users/j/jacsont/Sandozenv/lib/python3.8/site-packages (from albumentations) (1.21.4)
Requirement already satisfied: PyYAML in /home/users/j/jacsont/Sandozenv/lib/python3.8/site-packages (from albumentations) (6.0)
Requirement already satisfied: scipy in /home/users/j/jacsont/Sandozenv/lib/python3.8/site-packages (from albumentations) (1.7.3)
Requirement already satisfied: qudida>=0.0.4 in /home/users/j/jacsont/Sandozenv/lib/python3.8/site-packages (from albumentations) (0.0.4)
Requirement already satisfied: PyWavelets>=1.1.1 in /home/users/j/jacsont/Sandozenv/lib/python3.8/site-packages (from scikit-image>=0.16.1->albumentations) (1.2.0)
Requirement already satisfied: imageio>=2.4.1 in /home/users/j/jacsont/Sandozenv/lib/python3.8/site-packages (from scikit-image>=0.16.1->albumentations) (2.13.3)
Requirement already satisfied: networkx>=2.2 in /home/users/j/jacsont/Sandozenv/lib/python3.8/site-packages (from scikit-image>=0.16.1->albumentations) (2.6.3)
Requirement already satisfied: tifffile>=2019.7.26 in /home/users/j/jacsont/Sandozenv/lib/python3.8/site-packages (from scikit-image>=0.16.1->albumentations) (2021.11.2)
Requirement already satisfied: pillow!=7.1.0,!=7.1.1,!=8.3.0,>=6.1.0 in /home/users/j/jacsont/Sandozenv/lib/python3.8/site-packages (from scikit-image>=0.16.1->albumentations) (8.4.0)
Requirement already satisfied: packaging>=20.0 in /home/users/j/jacsont/Sandozenv/lib/python3.8/site-packages (from scikit-image>=0.16.1->albumentations) (21.3)
Requirement already satisfied: typing-extensions in /home/users/j/jacsont/Sandozenv/lib/python3.8/site-packages (from qudida>=0.0.4->albumentations) (4.0.1)
Requirement already satisfied: scikit-learn>=0.19.1 in /home/users/j/jacsont/Sandozenv/lib/python3.8/site-packages (from qudida>=0.0.4->albumentations) (1.0.2)
Requirement already satisfied: pyparsing!=3.0.5,>=2.0.2 in /home/users/j/jacsont/Sandozenv/lib/python3.8/site-packages (from packaging>=20.0->scikit-image>=0.16.1->albumentations) (3.0.6)
Requirement already satisfied: joblib>=0.11 in /home/users/j/jacsont/Sandozenv/lib/python3.8/site-packages (from scikit-learn>=0.19.1->qudida>=0.0.4->albumentations) (1.1.0)
Requirement already satisfied: threadpoolctl>=2.0.0 in /home/users/j/jacsont/Sandozenv/lib/python3.8/site-packages (from scikit-learn>=0.19.1->qudida>=0.0.4->albumentations) (3.1.0)
WARNING: You are using pip version 20.2.1; however, version 22.2.2 is available.
You should consider upgrading via the '/home/users/j/jacsont/Sandozenv/bin/python3 -m pip install --upgrade pip' command.
KETOS training
WARNING:root:scikit-learn version 1.0.2 is not supported. Minimum required version: 0.17. Maximum required version: 0.19.2. Disabling scikit-learn conversion API.
WARNING:root:Torch version 1.10.0+cu102 has not been tested with coremltools. You may run into unexpected errors. Torch 1.9.1 is the most recent version that has been tested.
Building training set
[1336.1995] Text line " " is empty after transformations 
[1341.2714] Text line " " is empty after transformations 
[1341.3634] Text line " " is empty after transformations 
[1341.3637] Text line " " is empty after transformations 
[1341.3638] Text line " " is empty after transformations 
[1341.3639] Text line " " is empty after transformations 
[1343.1650] Text line " " is empty after transformations 
[1343.1653] Text line " " is empty after transformations 
[1343.1655] Text line " " is empty after transformations 
[1343.1657] Text line " " is empty after transformations 
[1343.1658] Text line " " is empty after transformations 
[1343.2080] Text line " " is empty after transformations 
[1343.2084] Text line " " is empty after transformations 
[1343.2085] Text line " " is empty after transformations 
[1343.2087] Text line " " is empty after transformations 
[1343.2088] Text line " " is empty after transformations 
[1343.6152] Text line " " is empty after transformations 
[1343.6155] Text line " " is empty after transformations 
[1343.6158] Text line " " is empty after transformations 
[1343.6159] Text line " " is empty after transformations 
[1345.0295] Text line " " is empty after transformations 
[1345.0861] Text line " " is empty after transformations 
[1345.0864] Text line " " is empty after transformations 
[1345.0865] Text line " " is empty after transformations 
[1346.9569] Text line " " is empty after transformations 
[1346.9573] Text line " " is empty after transformations 
[1346.9575] Text line " " is empty after transformations 
[1536.3186] Line polygon outside of image bounds 
[2054.4434] Line polygon outside of image bounds 
[3382.3326] Text line " " is empty after transformations 
[3661.4028] Text line " " is empty after transformations 
[4532.7527] Line polygon outside of image bounds 
[5102.4807] Baseline outside of image bounds 
[5138.0843] Line polygon outside of image bounds 
[5138.5152] Line polygon outside of image bounds 
[11310.9238] Baseline outside of image bounds 
[11675.0447] Line polygon outside of image bounds 
[11947.9692] Line polygon outside of image bounds 
[12430.5592] Line polygon outside of image bounds 
[14080.2552] Line polygon outside of image bounds 
[14733.7502] Text line " " is empty after transformations 
[14759.2962] Text line " " is empty after transformations 
[18352.2920] Line polygon outside of image bounds 
[25786.5688] Baseline outside of image bounds 
[25899.5989] Line polygon outside of image bounds 
[26372.5892] Line polygon outside of image bounds 
[26374.6829] Line polygon outside of image bounds 
[29271.6643] Text line " " is empty after transformations 
Building validation set
[30420.6222] Line polygon outside of image bounds 
[30720.0534] Line polygon outside of image bounds 
[31131.8968] alphabet mismatch: chars in training set only: {'”', '&', '=', '„', '‟', '’', 'ᗅ', 'W', 'ᗞ', '|', '̄', '_', ']', '^', '‚', '¥', 'K', 'º', '•', '̂', '*', '[', '–', '/', '#'} (not included in accuracy test during training) 
[31131.8969] alphabet mismatch: chars in validation set only: {'w'} (not trained) 
Initializing model ✓
stage 1/∞
Accuracy report (1) 0.9576 126038 5340
stage 2/∞
Accuracy report (2) 0.9669 126038 4168
stage 3/∞
Accuracy report (3) 0.9756 126038 3077
stage 4/∞
Accuracy report (4) 0.9768 126038 2925
stage 5/∞
Accuracy report (5) 0.9781 126038 2764
stage 6/∞
Accuracy report (6) 0.9793 126038 2603
stage 7/∞
Accuracy report (7) 0.9801 126038 2509
stage 8/∞
Accuracy report (8) 0.9802 126038 2501
stage 9/∞
Accuracy report (9) 0.9804 126038 2469
stage 10/∞
Accuracy report (10) 0.9807 126038 2430
stage 11/∞
Accuracy report (11) 0.9807 126038 2430
stage 12/∞
Accuracy report (12) 0.9812 126038 2372
stage 13/∞
Accuracy report (13) 0.9811 126038 2388
stage 14/∞
Accuracy report (14) 0.9820 126038 2271
stage 15/∞
Accuracy report (15) 0.9815 126038 2337
stage 16/∞
Accuracy report (16) 0.9816 126038 2325
stage 17/∞
Accuracy report (17) 0.9815 126038 2338
stage 18/∞
Accuracy report (18) 0.9819 126038 2276
stage 19/∞
Accuracy report (19) 0.9817 126038 2311
stage 20/∞
Accuracy report (20) 0.9818 126038 2289
stage 21/∞
Accuracy report (21) 0.9822 126038 2246
stage 22/∞
Accuracy report (22) 0.9815 126038 2329
stage 23/∞
Accuracy report (23) 0.9823 126038 2228
stage 24/∞
Accuracy report (24) 0.9820 126038 2264
stage 25/∞
Accuracy report (25) 0.9823 126038 2236
stage 26/∞
Accuracy report (26) 0.9827 126038 2185
stage 27/∞
Accuracy report (27) 0.9823 126038 2225
stage 28/∞
Accuracy report (28) 0.9822 126038 2238
stage 29/∞
Accuracy report (29) 0.9823 126038 2230
stage 30/∞
Accuracy report (30) 0.9822 126038 2244
stage 31/∞
Accuracy report (31) 0.9821 126038 2253
stage 32/∞
Accuracy report (32) 0.9826 126038 2190
stage 33/∞
Accuracy report (33) 0.9823 126038 2229
stage 34/∞
Accuracy report (34) 0.9817 126038 2310
Moving best model model_14.mlmodel (0.981981635093689) to model_best.mlmodel
