Requirement already satisfied: albumentations in /home/users/j/jacsont/Sandozenv/lib/python3.8/site-packages (1.1.0)
Requirement already satisfied: PyYAML in /home/users/j/jacsont/Sandozenv/lib/python3.8/site-packages (from albumentations) (6.0)
Requirement already satisfied: opencv-python-headless>=4.1.1 in /home/users/j/jacsont/Sandozenv/lib/python3.8/site-packages (from albumentations) (4.5.5.62)
Requirement already satisfied: scikit-image>=0.16.1 in /home/users/j/jacsont/Sandozenv/lib/python3.8/site-packages (from albumentations) (0.19.0)
Requirement already satisfied: numpy>=1.11.1 in /home/users/j/jacsont/Sandozenv/lib/python3.8/site-packages (from albumentations) (1.21.4)
Requirement already satisfied: qudida>=0.0.4 in /home/users/j/jacsont/Sandozenv/lib/python3.8/site-packages (from albumentations) (0.0.4)
Requirement already satisfied: scipy in /home/users/j/jacsont/Sandozenv/lib/python3.8/site-packages (from albumentations) (1.7.3)
Requirement already satisfied: tifffile>=2019.7.26 in /home/users/j/jacsont/Sandozenv/lib/python3.8/site-packages (from scikit-image>=0.16.1->albumentations) (2021.11.2)
Requirement already satisfied: PyWavelets>=1.1.1 in /home/users/j/jacsont/Sandozenv/lib/python3.8/site-packages (from scikit-image>=0.16.1->albumentations) (1.2.0)
Requirement already satisfied: networkx>=2.2 in /home/users/j/jacsont/Sandozenv/lib/python3.8/site-packages (from scikit-image>=0.16.1->albumentations) (2.6.3)
Requirement already satisfied: imageio>=2.4.1 in /home/users/j/jacsont/Sandozenv/lib/python3.8/site-packages (from scikit-image>=0.16.1->albumentations) (2.13.3)
Requirement already satisfied: pillow!=7.1.0,!=7.1.1,!=8.3.0,>=6.1.0 in /home/users/j/jacsont/Sandozenv/lib/python3.8/site-packages (from scikit-image>=0.16.1->albumentations) (8.4.0)
Requirement already satisfied: packaging>=20.0 in /home/users/j/jacsont/Sandozenv/lib/python3.8/site-packages (from scikit-image>=0.16.1->albumentations) (21.3)
Requirement already satisfied: typing-extensions in /home/users/j/jacsont/Sandozenv/lib/python3.8/site-packages (from qudida>=0.0.4->albumentations) (4.0.1)
Requirement already satisfied: scikit-learn>=0.19.1 in /home/users/j/jacsont/Sandozenv/lib/python3.8/site-packages (from qudida>=0.0.4->albumentations) (1.0.2)
Requirement already satisfied: pyparsing!=3.0.5,>=2.0.2 in /home/users/j/jacsont/Sandozenv/lib/python3.8/site-packages (from packaging>=20.0->scikit-image>=0.16.1->albumentations) (3.0.6)
Requirement already satisfied: joblib>=0.11 in /home/users/j/jacsont/Sandozenv/lib/python3.8/site-packages (from scikit-learn>=0.19.1->qudida>=0.0.4->albumentations) (1.1.0)
Requirement already satisfied: threadpoolctl>=2.0.0 in /home/users/j/jacsont/Sandozenv/lib/python3.8/site-packages (from scikit-learn>=0.19.1->qudida>=0.0.4->albumentations) (3.1.0)
WARNING: You are using pip version 20.2.1; however, version 22.0.3 is available.
You should consider upgrading via the '/home/users/j/jacsont/Sandozenv/bin/python3 -m pip install --upgrade pip' command.
KETOS training
WARNING:root:scikit-learn version 1.0.2 is not supported. Minimum required version: 0.17. Maximum required version: 0.19.2. Disabling scikit-learn conversion API.
WARNING:root:Torch version 1.10.0+cu102 has not been tested with coremltools. You may run into unexpected errors. Torch 1.9.1 is the most recent version that has been tested.
[48.2092] No valid filename found in ALTO file 
Creating model [1,1200,0,3 Cr7,7,64,2,2 Gn32 Cr3,3,128,2,2 Gn32 Cr3,3,128 Gn32 Cr3,3,256 Gn32 Cr3,3,256 Gn32 Lbx32 Lby32 Cr1,1,32 Gn32 Lby32 Lbx32 O2l17] with 17 outputs ✓
Training line types:
  default	2	22749
  CustomLine:trailer	3	55
  CustomLine:propriedad	4	2
Training region types:
  CustomZone:impresorNum	5	59
  MainZone	6	857
  MarginTextZone:colophon	7	71
  NumberingZone:page	8	166
  MarginTextZone:note	9	2
  CustomZone:titulo_parte	10	44
  CustomZone:numero_pliego	11	4
  GraphicZone:illustration	12	115
  text	13	18
  CustomZone:subtitulo	14	60
  GraphicZone:ornamentation	15	15
  CustomZone:primer_titulo	16	76
stage 1/50
Accuracy report (1) mean_iu: 0.2659 freq_iu: 0.3361 mean_acc: 0.9550 accuracy: 0.9550
stage 2/50
Accuracy report (2) mean_iu: 0.2968 freq_iu: 0.4241 mean_acc: 0.9563 accuracy: 0.9563
stage 3/50
Accuracy report (3) mean_iu: 0.1085 freq_iu: 0.6518 mean_acc: 0.9797 accuracy: 0.9797
stage 4/50
Accuracy report (4) mean_iu: 0.3714 freq_iu: 0.6999 mean_acc: 0.9825 accuracy: 0.9825
stage 5/50
Accuracy report (5) mean_iu: 0.3737 freq_iu: 0.7266 mean_acc: 0.9826 accuracy: 0.9826
stage 6/50
Accuracy report (6) mean_iu: 0.3778 freq_iu: 0.7226 mean_acc: 0.9827 accuracy: 0.9827
stage 7/50
Accuracy report (7) mean_iu: 0.3974 freq_iu: 0.7534 mean_acc: 0.9857 accuracy: 0.9857
stage 8/50
Accuracy report (8) mean_iu: 0.4181 freq_iu: 0.7624 mean_acc: 0.9857 accuracy: 0.9857
stage 9/50
Accuracy report (9) mean_iu: 0.4205 freq_iu: 0.7773 mean_acc: 0.9863 accuracy: 0.9863
stage 10/50
Accuracy report (10) mean_iu: 0.4308 freq_iu: 0.7756 mean_acc: 0.9861 accuracy: 0.9861
stage 11/50
Accuracy report (11) mean_iu: 0.4528 freq_iu: 0.7777 mean_acc: 0.9859 accuracy: 0.9859
stage 12/50
Accuracy report (12) mean_iu: 0.4490 freq_iu: 0.7738 mean_acc: 0.9853 accuracy: 0.9853
stage 13/50
Accuracy report (13) mean_iu: 0.4789 freq_iu: 0.7950 mean_acc: 0.9868 accuracy: 0.9868
stage 14/50
Accuracy report (14) mean_iu: 0.4888 freq_iu: 0.7910 mean_acc: 0.9868 accuracy: 0.9868
stage 15/50
Accuracy report (15) mean_iu: 0.4873 freq_iu: 0.7949 mean_acc: 0.9868 accuracy: 0.9868
stage 16/50
Accuracy report (16) mean_iu: 0.4894 freq_iu: 0.7990 mean_acc: 0.9872 accuracy: 0.9872
stage 17/50
Accuracy report (17) mean_iu: 0.5024 freq_iu: 0.8055 mean_acc: 0.9872 accuracy: 0.9872
stage 18/50
Accuracy report (18) mean_iu: 0.5045 freq_iu: 0.8138 mean_acc: 0.9882 accuracy: 0.9882
stage 19/50
Accuracy report (19) mean_iu: 0.5223 freq_iu: 0.8267 mean_acc: 0.9891 accuracy: 0.9891
stage 20/50
Accuracy report (20) mean_iu: 0.5087 freq_iu: 0.8065 mean_acc: 0.9879 accuracy: 0.9879
stage 21/50
Accuracy report (21) mean_iu: 0.5311 freq_iu: 0.8035 mean_acc: 0.9877 accuracy: 0.9877
stage 22/50
Accuracy report (22) mean_iu: 0.5396 freq_iu: 0.8214 mean_acc: 0.9889 accuracy: 0.9889
stage 23/50
Accuracy report (23) mean_iu: 0.5475 freq_iu: 0.8175 mean_acc: 0.9884 accuracy: 0.9884
stage 24/50
Accuracy report (24) mean_iu: 0.5256 freq_iu: 0.8091 mean_acc: 0.9884 accuracy: 0.9884
stage 25/50
Accuracy report (25) mean_iu: 0.5819 freq_iu: 0.8174 mean_acc: 0.9888 accuracy: 0.9888
stage 26/50
Accuracy report (26) mean_iu: 0.5782 freq_iu: 0.8060 mean_acc: 0.9873 accuracy: 0.9873
stage 27/50
Accuracy report (27) mean_iu: 0.5648 freq_iu: 0.8002 mean_acc: 0.9873 accuracy: 0.9873
stage 28/50
Accuracy report (28) mean_iu: 0.5725 freq_iu: 0.8202 mean_acc: 0.9887 accuracy: 0.9887
stage 29/50
Accuracy report (29) mean_iu: 0.5740 freq_iu: 0.8125 mean_acc: 0.9881 accuracy: 0.9881
stage 30/50
Accuracy report (30) mean_iu: 0.5380 freq_iu: 0.8047 mean_acc: 0.9876 accuracy: 0.9876
stage 31/50
Accuracy report (31) mean_iu: 0.5658 freq_iu: 0.8195 mean_acc: 0.9889 accuracy: 0.9889
stage 32/50
Accuracy report (32) mean_iu: 0.5573 freq_iu: 0.8012 mean_acc: 0.9875 accuracy: 0.9875
stage 33/50
Accuracy report (33) mean_iu: 0.5819 freq_iu: 0.8235 mean_acc: 0.9890 accuracy: 0.9890
stage 34/50
Accuracy report (34) mean_iu: 0.6084 freq_iu: 0.8204 mean_acc: 0.9884 accuracy: 0.9884
stage 35/50
Accuracy report (35) mean_iu: 0.5225 freq_iu: 0.7540 mean_acc: 0.9828 accuracy: 0.9828
stage 36/50
Accuracy report (36) mean_iu: 0.5995 freq_iu: 0.8223 mean_acc: 0.9889 accuracy: 0.9889
stage 37/50
Accuracy report (37) mean_iu: 0.5872 freq_iu: 0.8277 mean_acc: 0.9887 accuracy: 0.9887
stage 38/50
Accuracy report (38) mean_iu: 0.5960 freq_iu: 0.8302 mean_acc: 0.9896 accuracy: 0.9896
stage 39/50
Accuracy report (39) mean_iu: 0.6167 freq_iu: 0.8295 mean_acc: 0.9894 accuracy: 0.9894
stage 40/50
Accuracy report (40) mean_iu: 0.6188 freq_iu: 0.8282 mean_acc: 0.9892 accuracy: 0.9892
stage 41/50
Accuracy report (41) mean_iu: 0.6235 freq_iu: 0.8148 mean_acc: 0.9884 accuracy: 0.9884
stage 42/50
Accuracy report (42) mean_iu: 0.6131 freq_iu: 0.8312 mean_acc: 0.9896 accuracy: 0.9896
stage 43/50
Accuracy report (43) mean_iu: 0.6400 freq_iu: 0.8376 mean_acc: 0.9899 accuracy: 0.9899
stage 44/50
Accuracy report (44) mean_iu: 0.5780 freq_iu: 0.8071 mean_acc: 0.9876 accuracy: 0.9876
stage 45/50
Accuracy report (45) mean_iu: 0.5934 freq_iu: 0.8072 mean_acc: 0.9879 accuracy: 0.9879
stage 46/50
Accuracy report (46) mean_iu: 0.5983 freq_iu: 0.8234 mean_acc: 0.9887 accuracy: 0.9887
stage 47/50
Accuracy report (47) mean_iu: 0.5410 freq_iu: 0.7764 mean_acc: 0.9859 accuracy: 0.9859
stage 48/50
Accuracy report (48) mean_iu: 0.5857 freq_iu: 0.8190 mean_acc: 0.9887 accuracy: 0.9887
stage 49/50
Accuracy report (49) mean_iu: 0.6003 freq_iu: 0.8247 mean_acc: 0.9891 accuracy: 0.9891
stage 50/50
Accuracy report (50) mean_iu: 0.4531 freq_iu: 0.7343 mean_acc: 0.9805 accuracy: 0.9805
