Requirement already satisfied: albumentations in /home/users/j/jacsont/Sandozenv/lib/python3.8/site-packages (1.1.0)
Requirement already satisfied: numpy>=1.11.1 in /home/users/j/jacsont/Sandozenv/lib/python3.8/site-packages (from albumentations) (1.21.4)
Requirement already satisfied: PyYAML in /home/users/j/jacsont/Sandozenv/lib/python3.8/site-packages (from albumentations) (6.0)
Requirement already satisfied: opencv-python-headless>=4.1.1 in /home/users/j/jacsont/Sandozenv/lib/python3.8/site-packages (from albumentations) (4.5.5.62)
Requirement already satisfied: scikit-image>=0.16.1 in /home/users/j/jacsont/Sandozenv/lib/python3.8/site-packages (from albumentations) (0.19.0)
Requirement already satisfied: scipy in /home/users/j/jacsont/Sandozenv/lib/python3.8/site-packages (from albumentations) (1.7.3)
Requirement already satisfied: qudida>=0.0.4 in /home/users/j/jacsont/Sandozenv/lib/python3.8/site-packages (from albumentations) (0.0.4)
Requirement already satisfied: networkx>=2.2 in /home/users/j/jacsont/Sandozenv/lib/python3.8/site-packages (from scikit-image>=0.16.1->albumentations) (2.6.3)
Requirement already satisfied: PyWavelets>=1.1.1 in /home/users/j/jacsont/Sandozenv/lib/python3.8/site-packages (from scikit-image>=0.16.1->albumentations) (1.2.0)
Requirement already satisfied: imageio>=2.4.1 in /home/users/j/jacsont/Sandozenv/lib/python3.8/site-packages (from scikit-image>=0.16.1->albumentations) (2.13.3)
Requirement already satisfied: tifffile>=2019.7.26 in /home/users/j/jacsont/Sandozenv/lib/python3.8/site-packages (from scikit-image>=0.16.1->albumentations) (2021.11.2)
Requirement already satisfied: pillow!=7.1.0,!=7.1.1,!=8.3.0,>=6.1.0 in /home/users/j/jacsont/Sandozenv/lib/python3.8/site-packages (from scikit-image>=0.16.1->albumentations) (8.4.0)
Requirement already satisfied: packaging>=20.0 in /home/users/j/jacsont/Sandozenv/lib/python3.8/site-packages (from scikit-image>=0.16.1->albumentations) (21.3)
Requirement already satisfied: typing-extensions in /home/users/j/jacsont/Sandozenv/lib/python3.8/site-packages (from qudida>=0.0.4->albumentations) (4.0.1)
Requirement already satisfied: scikit-learn>=0.19.1 in /home/users/j/jacsont/Sandozenv/lib/python3.8/site-packages (from qudida>=0.0.4->albumentations) (1.0.2)
Requirement already satisfied: pyparsing!=3.0.5,>=2.0.2 in /home/users/j/jacsont/Sandozenv/lib/python3.8/site-packages (from packaging>=20.0->scikit-image>=0.16.1->albumentations) (3.0.6)
Requirement already satisfied: joblib>=0.11 in /home/users/j/jacsont/Sandozenv/lib/python3.8/site-packages (from scikit-learn>=0.19.1->qudida>=0.0.4->albumentations) (1.1.0)
Requirement already satisfied: threadpoolctl>=2.0.0 in /home/users/j/jacsont/Sandozenv/lib/python3.8/site-packages (from scikit-learn>=0.19.1->qudida>=0.0.4->albumentations) (3.1.0)
WARNING: You are using pip version 20.2.1; however, version 22.0.4 is available.
You should consider upgrading via the '/home/users/j/jacsont/Sandozenv/bin/python3 -m pip install --upgrade pip' command.
KETOS training
WARNING:root:scikit-learn version 1.0.2 is not supported. Minimum required version: 0.17. Maximum required version: 0.19.2. Disabling scikit-learn conversion API.
WARNING:root:Torch version 1.10.0+cu102 has not been tested with coremltools. You may run into unexpected errors. Torch 1.9.1 is the most recent version that has been tested.
Creating model [1,1200,0,3 Cr7,7,64,2,2 Gn32 Cr3,3,128,2,2 Gn32 Cr3,3,128 Gn32 Cr3,3,256 Gn32 Cr3,3,256 Gn32 Lbx32 Lby32 Cr1,1,32 Gn32 Lby32 Lbx32 O2l16] with 16 outputs ✓
Training line types:
  DefaultLine	2	22289
  CustomLine:propriedad	3	4
  HeadingLine	4	449
  CustomLine:trailer	5	66
Training region types:
  CustomZone:numero_pliego	6	4
  NumberingZone:page	7	168
  MarginTextZone:note	8	2
  MainZone:columns	9	622
  CustomZone:title	10	152
  MarginTextZone:colophon	11	69
  MainZone	12	243
  GraphicZone:illustration	13	115
  CustomZone:impresorNum	14	59
  GraphicZone:ornamentation	15	15
stage 1/50
Accuracy report (1) mean_iu: 0.2114 freq_iu: 0.1973 mean_acc: 0.9389 accuracy: 0.9389
stage 2/50
Accuracy report (2) mean_iu: 0.2114 freq_iu: 0.1973 mean_acc: 0.9391 accuracy: 0.9391
stage 3/50
Accuracy report (3) mean_iu: 0.2737 freq_iu: 0.4503 mean_acc: 0.9677 accuracy: 0.9677
stage 4/50
Accuracy report (4) mean_iu: 0.1938 freq_iu: 0.5313 mean_acc: 0.9700 accuracy: 0.9700
stage 5/50
Accuracy report (5) mean_iu: 0.1535 freq_iu: 0.5567 mean_acc: 0.9669 accuracy: 0.9669
stage 6/50
Accuracy report (6) mean_iu: 0.2804 freq_iu: 0.5558 mean_acc: 0.9651 accuracy: 0.9651
stage 7/50
Accuracy report (7) mean_iu: 0.3009 freq_iu: 0.4839 mean_acc: 0.9638 accuracy: 0.9638
stage 8/50
Accuracy report (8) mean_iu: 0.3586 freq_iu: 0.5757 mean_acc: 0.9714 accuracy: 0.9714
stage 9/50
Accuracy report (9) mean_iu: 0.3735 freq_iu: 0.5707 mean_acc: 0.9729 accuracy: 0.9729
stage 10/50
Accuracy report (10) mean_iu: 0.3978 freq_iu: 0.5816 mean_acc: 0.9737 accuracy: 0.9737
stage 11/50
Accuracy report (11) mean_iu: 0.4140 freq_iu: 0.6031 mean_acc: 0.9743 accuracy: 0.9743
stage 12/50
Accuracy report (12) mean_iu: 0.4347 freq_iu: 0.6217 mean_acc: 0.9768 accuracy: 0.9768
stage 13/50
Accuracy report (13) mean_iu: 0.4382 freq_iu: 0.6108 mean_acc: 0.9744 accuracy: 0.9744
stage 14/50
Accuracy report (14) mean_iu: 0.3835 freq_iu: 0.5594 mean_acc: 0.9707 accuracy: 0.9707
stage 15/50
Accuracy report (15) mean_iu: 0.4481 freq_iu: 0.6162 mean_acc: 0.9757 accuracy: 0.9757
stage 16/50
Accuracy report (16) mean_iu: 0.4552 freq_iu: 0.6080 mean_acc: 0.9756 accuracy: 0.9756
stage 17/50
Accuracy report (17) mean_iu: 0.4631 freq_iu: 0.6120 mean_acc: 0.9752 accuracy: 0.9752
stage 18/50
Accuracy report (18) mean_iu: 0.4729 freq_iu: 0.6261 mean_acc: 0.9770 accuracy: 0.9770
stage 19/50
Accuracy report (19) mean_iu: 0.4590 freq_iu: 0.6162 mean_acc: 0.9759 accuracy: 0.9759
stage 20/50
Accuracy report (20) mean_iu: 0.4764 freq_iu: 0.6365 mean_acc: 0.9762 accuracy: 0.9762
stage 21/50
Accuracy report (21) mean_iu: 0.4811 freq_iu: 0.6303 mean_acc: 0.9779 accuracy: 0.9779
stage 22/50
Accuracy report (22) mean_iu: 0.4886 freq_iu: 0.6440 mean_acc: 0.9777 accuracy: 0.9777
stage 23/50
Accuracy report (23) mean_iu: 0.4916 freq_iu: 0.6349 mean_acc: 0.9773 accuracy: 0.9773
stage 24/50
Accuracy report (24) mean_iu: 0.4935 freq_iu: 0.6358 mean_acc: 0.9778 accuracy: 0.9778
stage 25/50
Accuracy report (25) mean_iu: 0.5047 freq_iu: 0.6556 mean_acc: 0.9792 accuracy: 0.9792
stage 26/50
Accuracy report (26) mean_iu: 0.4462 freq_iu: 0.6051 mean_acc: 0.9728 accuracy: 0.9728
stage 27/50
Accuracy report (27) mean_iu: 0.4714 freq_iu: 0.6190 mean_acc: 0.9760 accuracy: 0.9760
stage 28/50
Accuracy report (28) mean_iu: 0.4738 freq_iu: 0.6043 mean_acc: 0.9717 accuracy: 0.9717
stage 29/50
Accuracy report (29) mean_iu: 0.4884 freq_iu: 0.6432 mean_acc: 0.9786 accuracy: 0.9786
stage 30/50
Accuracy report (30) mean_iu: 0.4920 freq_iu: 0.6435 mean_acc: 0.9785 accuracy: 0.9785
stage 31/50
Accuracy report (31) mean_iu: 0.4948 freq_iu: 0.6479 mean_acc: 0.9786 accuracy: 0.9786
stage 32/50
Accuracy report (32) mean_iu: 0.4903 freq_iu: 0.6403 mean_acc: 0.9775 accuracy: 0.9775
stage 33/50
Accuracy report (33) mean_iu: 0.4934 freq_iu: 0.6368 mean_acc: 0.9786 accuracy: 0.9786
stage 34/50
Accuracy report (34) mean_iu: 0.5022 freq_iu: 0.6547 mean_acc: 0.9791 accuracy: 0.9791
stage 35/50
Accuracy report (35) mean_iu: 0.5005 freq_iu: 0.6494 mean_acc: 0.9791 accuracy: 0.9791
stage 36/50
Accuracy report (36) mean_iu: 0.4778 freq_iu: 0.6147 mean_acc: 0.9751 accuracy: 0.9751
stage 37/50
Accuracy report (37) mean_iu: 0.5013 freq_iu: 0.6520 mean_acc: 0.9789 accuracy: 0.9789
stage 38/50
Accuracy report (38) mean_iu: 0.5028 freq_iu: 0.6523 mean_acc: 0.9789 accuracy: 0.9789
stage 39/50
Accuracy report (39) mean_iu: 0.5116 freq_iu: 0.6636 mean_acc: 0.9799 accuracy: 0.9799
stage 40/50
Accuracy report (40) mean_iu: 0.4967 freq_iu: 0.6444 mean_acc: 0.9787 accuracy: 0.9787
stage 41/50
Accuracy report (41) mean_iu: 0.5036 freq_iu: 0.6455 mean_acc: 0.9785 accuracy: 0.9785
stage 42/50
Accuracy report (42) mean_iu: 0.5047 freq_iu: 0.6498 mean_acc: 0.9788 accuracy: 0.9788
stage 43/50
Accuracy report (43) mean_iu: 0.5276 freq_iu: 0.6549 mean_acc: 0.9794 accuracy: 0.9794
stage 44/50
Accuracy report (44) mean_iu: 0.4832 freq_iu: 0.6275 mean_acc: 0.9773 accuracy: 0.9773
stage 45/50
Accuracy report (45) mean_iu: 0.5257 freq_iu: 0.6666 mean_acc: 0.9799 accuracy: 0.9799
stage 46/50
Accuracy report (46) mean_iu: 0.5461 freq_iu: 0.6484 mean_acc: 0.9779 accuracy: 0.9779
stage 47/50
Accuracy report (47) mean_iu: 0.5451 freq_iu: 0.6677 mean_acc: 0.9801 accuracy: 0.9801
stage 48/50
Accuracy report (48) mean_iu: 0.5139 freq_iu: 0.6286 mean_acc: 0.9772 accuracy: 0.9772
stage 49/50
Accuracy report (49) mean_iu: 0.5725 freq_iu: 0.6621 mean_acc: 0.9792 accuracy: 0.9792
stage 50/50
Accuracy report (50) mean_iu: 0.5533 freq_iu: 0.6645 mean_acc: 0.9791 accuracy: 0.9791
