Requirement already satisfied: albumentations in /home/users/j/jacsont/Sandozenv/lib/python3.8/site-packages (1.1.0)
Requirement already satisfied: qudida>=0.0.4 in /home/users/j/jacsont/Sandozenv/lib/python3.8/site-packages (from albumentations) (0.0.4)
Requirement already satisfied: scipy in /home/users/j/jacsont/Sandozenv/lib/python3.8/site-packages (from albumentations) (1.7.3)
Requirement already satisfied: opencv-python-headless>=4.1.1 in /home/users/j/jacsont/Sandozenv/lib/python3.8/site-packages (from albumentations) (4.5.5.62)
Requirement already satisfied: numpy>=1.11.1 in /home/users/j/jacsont/Sandozenv/lib/python3.8/site-packages (from albumentations) (1.21.4)
Requirement already satisfied: scikit-image>=0.16.1 in /home/users/j/jacsont/Sandozenv/lib/python3.8/site-packages (from albumentations) (0.19.0)
Requirement already satisfied: PyYAML in /home/users/j/jacsont/Sandozenv/lib/python3.8/site-packages (from albumentations) (6.0)
Requirement already satisfied: scikit-learn>=0.19.1 in /home/users/j/jacsont/Sandozenv/lib/python3.8/site-packages (from qudida>=0.0.4->albumentations) (1.0.2)
Requirement already satisfied: typing-extensions in /home/users/j/jacsont/Sandozenv/lib/python3.8/site-packages (from qudida>=0.0.4->albumentations) (4.0.1)
Requirement already satisfied: tifffile>=2019.7.26 in /home/users/j/jacsont/Sandozenv/lib/python3.8/site-packages (from scikit-image>=0.16.1->albumentations) (2021.11.2)
Requirement already satisfied: networkx>=2.2 in /home/users/j/jacsont/Sandozenv/lib/python3.8/site-packages (from scikit-image>=0.16.1->albumentations) (2.6.3)
Requirement already satisfied: pillow!=7.1.0,!=7.1.1,!=8.3.0,>=6.1.0 in /home/users/j/jacsont/Sandozenv/lib/python3.8/site-packages (from scikit-image>=0.16.1->albumentations) (8.4.0)
Requirement already satisfied: PyWavelets>=1.1.1 in /home/users/j/jacsont/Sandozenv/lib/python3.8/site-packages (from scikit-image>=0.16.1->albumentations) (1.2.0)
Requirement already satisfied: packaging>=20.0 in /home/users/j/jacsont/Sandozenv/lib/python3.8/site-packages (from scikit-image>=0.16.1->albumentations) (21.3)
Requirement already satisfied: imageio>=2.4.1 in /home/users/j/jacsont/Sandozenv/lib/python3.8/site-packages (from scikit-image>=0.16.1->albumentations) (2.13.3)
Requirement already satisfied: threadpoolctl>=2.0.0 in /home/users/j/jacsont/Sandozenv/lib/python3.8/site-packages (from scikit-learn>=0.19.1->qudida>=0.0.4->albumentations) (3.1.0)
Requirement already satisfied: joblib>=0.11 in /home/users/j/jacsont/Sandozenv/lib/python3.8/site-packages (from scikit-learn>=0.19.1->qudida>=0.0.4->albumentations) (1.1.0)
Requirement already satisfied: pyparsing!=3.0.5,>=2.0.2 in /home/users/j/jacsont/Sandozenv/lib/python3.8/site-packages (from packaging>=20.0->scikit-image>=0.16.1->albumentations) (3.0.6)
WARNING: You are using pip version 20.2.1; however, version 22.0.3 is available.
You should consider upgrading via the '/home/users/j/jacsont/Sandozenv/bin/python3 -m pip install --upgrade pip' command.
KETOS training
WARNING:root:scikit-learn version 1.0.2 is not supported. Minimum required version: 0.17. Maximum required version: 0.19.2. Disabling scikit-learn conversion API.
WARNING:root:Torch version 1.10.0+cu102 has not been tested with coremltools. You may run into unexpected errors. Torch 1.9.1 is the most recent version that has been tested.
Creating model [1,120,0,1 Cr3,13,32 Do0.1,2 Mp2,2 Cr3,13,32 Do0.1,2 Mp2,2 Cr3,9,64 Do0.1,2 Mp2,2 Cr3,9,64 Do0.1,2 S1(1x0)1,3 Lbx200 Do0.1,2 Lbx200 Do.1,2 Lbx200 Do O2l27] with 27 outputs ✓
Training line types:
  Default	2	56214
  default	3	22749
  CustomLine:trailer	4	55
  CustomLine:propriedad	5	2
Training region types:
  CustomZone:subtitulo	6	60
  GraphicZone:illustration	7	115
  CustomZone:primer_titulo	8	76
  MarginTextZone:note	9	2
  CustomZone:entry	10	9326
  MarginTextZone:colophon	11	71
  GraphicZone:ornamentation	12	15
  CustomZone:impresorNum	13	59
  GraphicZone:figure	14	92
  CustomZone:title	15	26
  StampZone	16	30
  CustomZone:entryEnd	17	366
  NumberingZone:page	18	166
  text	19	34
  CustomZone:numero_pliego	20	4
  CustomZone:titulo_parte	21	44
  RunningCustomZone:title	22	216
  GraphicZone	23	6
  Margin	24	4
  MainZone	25	2493
  NumberingZone	26	1482
stage 1/50
Accuracy report (1) mean_iu: 0.7840 freq_iu: 0.0493 mean_acc: 0.8584 accuracy: 0.8584
stage 2/50
Accuracy report (2) mean_iu: 0.7837 freq_iu: 0.0467 mean_acc: 0.8613 accuracy: 0.8613
stage 3/50
Accuracy report (3) mean_iu: 0.8226 freq_iu: 0.0576 mean_acc: 0.8837 accuracy: 0.8837
stage 4/50
Accuracy report (4) mean_iu: 0.7855 freq_iu: 0.0588 mean_acc: 0.8844 accuracy: 0.8844
stage 5/50
Accuracy report (5) mean_iu: 0.8226 freq_iu: 0.0582 mean_acc: 0.8874 accuracy: 0.8874
stage 6/50
Accuracy report (6) mean_iu: 0.8225 freq_iu: 0.0581 mean_acc: 0.8854 accuracy: 0.8854
stage 7/50
Accuracy report (7) mean_iu: 0.8595 freq_iu: 0.0577 mean_acc: 0.8850 accuracy: 0.8850
stage 8/50
Accuracy report (8) mean_iu: 0.8232 freq_iu: 0.0633 mean_acc: 0.8909 accuracy: 0.8909
stage 9/50
Accuracy report (9) mean_iu: 0.8608 freq_iu: 0.0682 mean_acc: 0.9006 accuracy: 0.9006
stage 10/50
Accuracy report (10) mean_iu: 0.7865 freq_iu: 0.0663 mean_acc: 0.8864 accuracy: 0.8864
stage 11/50
Accuracy report (11) mean_iu: 0.7865 freq_iu: 0.0661 mean_acc: 0.8944 accuracy: 0.8944
stage 12/50
Accuracy report (12) mean_iu: 0.8235 freq_iu: 0.0661 mean_acc: 0.8944 accuracy: 0.8944
stage 13/50
Accuracy report (13) mean_iu: 0.7474 freq_iu: 0.0539 mean_acc: 0.8866 accuracy: 0.8866
stage 14/50
Accuracy report (14) mean_iu: 0.7864 freq_iu: 0.0661 mean_acc: 0.8866 accuracy: 0.8866
stage 15/50
Accuracy report (15) mean_iu: 0.7865 freq_iu: 0.0670 mean_acc: 0.8840 accuracy: 0.8840
stage 16/50
Accuracy report (16) mean_iu: 0.8235 freq_iu: 0.0665 mean_acc: 0.8928 accuracy: 0.8928
stage 17/50
Accuracy report (17) mean_iu: 0.8607 freq_iu: 0.0671 mean_acc: 0.8981 accuracy: 0.8981
stage 18/50
Accuracy report (18) mean_iu: 0.8610 freq_iu: 0.0701 mean_acc: 0.9000 accuracy: 0.9000
stage 19/50
Accuracy report (19) mean_iu: 0.8613 freq_iu: 0.0725 mean_acc: 0.9080 accuracy: 0.9080
stage 20/50
Accuracy report (20) mean_iu: 0.8238 freq_iu: 0.0690 mean_acc: 0.8883 accuracy: 0.8883
stage 21/50
Accuracy report (21) mean_iu: 0.8611 freq_iu: 0.0714 mean_acc: 0.9025 accuracy: 0.9025
stage 22/50
Accuracy report (22) mean_iu: 0.8244 freq_iu: 0.0741 mean_acc: 0.9064 accuracy: 0.9064
stage 23/50
Accuracy report (23) mean_iu: 0.7874 freq_iu: 0.0738 mean_acc: 0.8963 accuracy: 0.8963
stage 24/50
Accuracy report (24) mean_iu: 0.8607 freq_iu: 0.0683 mean_acc: 0.8990 accuracy: 0.8990
stage 25/50
Accuracy report (25) mean_iu: 0.8235 freq_iu: 0.0675 mean_acc: 0.8928 accuracy: 0.8928
stage 26/50
Accuracy report (26) mean_iu: 0.8237 freq_iu: 0.0690 mean_acc: 0.8916 accuracy: 0.8916
stage 27/50
Accuracy report (27) mean_iu: 0.7867 freq_iu: 0.0682 mean_acc: 0.8975 accuracy: 0.8975
stage 28/50
Accuracy report (28) mean_iu: 0.7867 freq_iu: 0.0678 mean_acc: 0.8885 accuracy: 0.8885
stage 29/50
Accuracy report (29) mean_iu: 0.7866 freq_iu: 0.0665 mean_acc: 0.8977 accuracy: 0.8977
stage 30/50
Accuracy report (30) mean_iu: 0.8238 freq_iu: 0.0691 mean_acc: 0.8965 accuracy: 0.8965
stage 31/50
Accuracy report (31) mean_iu: 0.8229 freq_iu: 0.0627 mean_acc: 0.8868 accuracy: 0.8868
stage 32/50
Accuracy report (32) mean_iu: 0.7865 freq_iu: 0.0672 mean_acc: 0.8901 accuracy: 0.8901
stage 33/50
Accuracy report (33) mean_iu: 0.8236 freq_iu: 0.0675 mean_acc: 0.8872 accuracy: 0.8872
stage 34/50
Accuracy report (34) mean_iu: 0.7861 freq_iu: 0.0646 mean_acc: 0.8858 accuracy: 0.8858
stage 35/50
Accuracy report (35) mean_iu: 0.8604 freq_iu: 0.0662 mean_acc: 0.8930 accuracy: 0.8930
stage 36/50
Accuracy report (36) mean_iu: 0.8237 freq_iu: 0.0677 mean_acc: 0.8977 accuracy: 0.8977
stage 37/50
Accuracy report (37) mean_iu: 0.8238 freq_iu: 0.0687 mean_acc: 0.9025 accuracy: 0.9025
stage 38/50
Accuracy report (38) mean_iu: 0.8602 freq_iu: 0.0644 mean_acc: 0.8967 accuracy: 0.8967
stage 39/50
Accuracy report (39) mean_iu: 0.8234 freq_iu: 0.0662 mean_acc: 0.8949 accuracy: 0.8949
stage 40/50
Accuracy report (40) mean_iu: 0.8238 freq_iu: 0.0691 mean_acc: 0.8981 accuracy: 0.8981
stage 41/50
Accuracy report (41) mean_iu: 0.8231 freq_iu: 0.0634 mean_acc: 0.8874 accuracy: 0.8874
stage 42/50
Accuracy report (42) mean_iu: 0.7869 freq_iu: 0.0693 mean_acc: 0.8998 accuracy: 0.8998
stage 43/50
Accuracy report (43) mean_iu: 0.8239 freq_iu: 0.0702 mean_acc: 0.8977 accuracy: 0.8977
stage 44/50
Accuracy report (44) mean_iu: 0.8240 freq_iu: 0.0704 mean_acc: 0.8990 accuracy: 0.8990
stage 45/50
Accuracy report (45) mean_iu: 0.7868 freq_iu: 0.0687 mean_acc: 0.8971 accuracy: 0.8971
stage 46/50
Accuracy report (46) mean_iu: 0.8245 freq_iu: 0.0755 mean_acc: 0.8998 accuracy: 0.8998
stage 47/50
Accuracy report (47) mean_iu: 0.8240 freq_iu: 0.0705 mean_acc: 0.9002 accuracy: 0.9002
stage 48/50
Accuracy report (48) mean_iu: 0.8234 freq_iu: 0.0652 mean_acc: 0.8940 accuracy: 0.8940
stage 49/50
Accuracy report (49) mean_iu: 0.8238 freq_iu: 0.0686 mean_acc: 0.8967 accuracy: 0.8967
stage 50/50
Accuracy report (50) mean_iu: 0.7864 freq_iu: 0.0662 mean_acc: 0.8957 accuracy: 0.8957
