Requirement already satisfied: albumentations in /home/users/j/jacsont/Sandozenv/lib/python3.8/site-packages (1.1.0)
Requirement already satisfied: qudida>=0.0.4 in /home/users/j/jacsont/Sandozenv/lib/python3.8/site-packages (from albumentations) (0.0.4)
Requirement already satisfied: opencv-python-headless>=4.1.1 in /home/users/j/jacsont/Sandozenv/lib/python3.8/site-packages (from albumentations) (4.5.5.62)
Requirement already satisfied: numpy>=1.11.1 in /home/users/j/jacsont/Sandozenv/lib/python3.8/site-packages (from albumentations) (1.21.4)
Requirement already satisfied: scikit-image>=0.16.1 in /home/users/j/jacsont/Sandozenv/lib/python3.8/site-packages (from albumentations) (0.19.0)
Requirement already satisfied: PyYAML in /home/users/j/jacsont/Sandozenv/lib/python3.8/site-packages (from albumentations) (6.0)
Requirement already satisfied: scipy in /home/users/j/jacsont/Sandozenv/lib/python3.8/site-packages (from albumentations) (1.7.3)
Requirement already satisfied: scikit-learn>=0.19.1 in /home/users/j/jacsont/Sandozenv/lib/python3.8/site-packages (from qudida>=0.0.4->albumentations) (1.0.2)
Requirement already satisfied: typing-extensions in /home/users/j/jacsont/Sandozenv/lib/python3.8/site-packages (from qudida>=0.0.4->albumentations) (4.0.1)
Requirement already satisfied: tifffile>=2019.7.26 in /home/users/j/jacsont/Sandozenv/lib/python3.8/site-packages (from scikit-image>=0.16.1->albumentations) (2021.11.2)
Requirement already satisfied: networkx>=2.2 in /home/users/j/jacsont/Sandozenv/lib/python3.8/site-packages (from scikit-image>=0.16.1->albumentations) (2.6.3)
Requirement already satisfied: pillow!=7.1.0,!=7.1.1,!=8.3.0,>=6.1.0 in /home/users/j/jacsont/Sandozenv/lib/python3.8/site-packages (from scikit-image>=0.16.1->albumentations) (8.4.0)
Requirement already satisfied: imageio>=2.4.1 in /home/users/j/jacsont/Sandozenv/lib/python3.8/site-packages (from scikit-image>=0.16.1->albumentations) (2.13.3)
Requirement already satisfied: PyWavelets>=1.1.1 in /home/users/j/jacsont/Sandozenv/lib/python3.8/site-packages (from scikit-image>=0.16.1->albumentations) (1.2.0)
Requirement already satisfied: packaging>=20.0 in /home/users/j/jacsont/Sandozenv/lib/python3.8/site-packages (from scikit-image>=0.16.1->albumentations) (21.3)
Requirement already satisfied: threadpoolctl>=2.0.0 in /home/users/j/jacsont/Sandozenv/lib/python3.8/site-packages (from scikit-learn>=0.19.1->qudida>=0.0.4->albumentations) (3.1.0)
Requirement already satisfied: joblib>=0.11 in /home/users/j/jacsont/Sandozenv/lib/python3.8/site-packages (from scikit-learn>=0.19.1->qudida>=0.0.4->albumentations) (1.1.0)
Requirement already satisfied: pyparsing!=3.0.5,>=2.0.2 in /home/users/j/jacsont/Sandozenv/lib/python3.8/site-packages (from packaging>=20.0->scikit-image>=0.16.1->albumentations) (3.0.6)
WARNING: You are using pip version 20.2.1; however, version 22.1.2 is available.
You should consider upgrading via the '/home/users/j/jacsont/Sandozenv/bin/python3 -m pip install --upgrade pip' command.
KETOS training
WARNING:root:scikit-learn version 1.0.2 is not supported. Minimum required version: 0.17. Maximum required version: 0.19.2. Disabling scikit-learn conversion API.
WARNING:root:Torch version 1.10.0+cu102 has not been tested with coremltools. You may run into unexpected errors. Torch 1.9.1 is the most recent version that has been tested.
Creating model [1,1200,0,3 Cr7,7,64,2,2 Gn32 Cr3,3,128,2,2 Gn32 Cr3,3,128 Gn32 Cr3,3,256 Gn32 Cr3,3,256 Gn32 Lbx32 Lby32 Cr1,1,32 Gn32 Lby32 Lbx32 O2l19] with 19 outputs ✓
Training line types:
  DefaultLine	2	28022
  CustomLine:trailer	3	67
  CustomLine:propriedad	4	45
  default	5	1
  HeadingLine	6	870
Training region types:
  MainZone:columns	7	1287
  MarginTextZone:colophon	8	140
  CustomZone:title	9	299
  GraphicZone:ornamentation	10	14
  CustomZone:numero_pliego	11	7
  MarginTextZone:note	12	2
  NumberingZone:page	13	143
  GraphicZone:illustration	14	172
  CustomZone:impresorNum	15	47
  MainZone	16	294
  text	17	23
  QuireMarksZone:catchwords	18	1
stage 1/50
Accuracy report (1) mean_iu: 0.1730 freq_iu: 0.1265 mean_acc: 0.9447 accuracy: 0.9447
stage 2/50
Accuracy report (2) mean_iu: 0.0714 freq_iu: 0.3895 mean_acc: 0.9766 accuracy: 0.9766
stage 3/50
Accuracy report (3) mean_iu: 0.2766 freq_iu: 0.5672 mean_acc: 0.9826 accuracy: 0.9826
stage 4/50
Accuracy report (4) mean_iu: 0.2771 freq_iu: 0.5817 mean_acc: 0.9789 accuracy: 0.9789
stage 5/50
Accuracy report (5) mean_iu: 0.3050 freq_iu: 0.5962 mean_acc: 0.9841 accuracy: 0.9841
stage 6/50
Accuracy report (6) mean_iu: 0.3319 freq_iu: 0.6288 mean_acc: 0.9855 accuracy: 0.9855
stage 7/50
Accuracy report (7) mean_iu: 0.3555 freq_iu: 0.7072 mean_acc: 0.9887 accuracy: 0.9887
stage 8/50
Accuracy report (8) mean_iu: 0.3695 freq_iu: 0.7025 mean_acc: 0.9882 accuracy: 0.9882
stage 9/50
Accuracy report (9) mean_iu: 0.3850 freq_iu: 0.7049 mean_acc: 0.9881 accuracy: 0.9881
stage 10/50
Accuracy report (10) mean_iu: 0.3978 freq_iu: 0.7116 mean_acc: 0.9877 accuracy: 0.9877
stage 11/50
Accuracy report (11) mean_iu: 0.4041 freq_iu: 0.6896 mean_acc: 0.9873 accuracy: 0.9873
stage 12/50
Accuracy report (12) mean_iu: 0.4089 freq_iu: 0.7236 mean_acc: 0.9886 accuracy: 0.9886
stage 13/50
Accuracy report (13) mean_iu: 0.3903 freq_iu: 0.6746 mean_acc: 0.9865 accuracy: 0.9865
stage 14/50
Accuracy report (14) mean_iu: 0.4223 freq_iu: 0.7424 mean_acc: 0.9895 accuracy: 0.9895
stage 15/50
Accuracy report (15) mean_iu: 0.4179 freq_iu: 0.7204 mean_acc: 0.9879 accuracy: 0.9879
stage 16/50
Accuracy report (16) mean_iu: 0.4149 freq_iu: 0.6932 mean_acc: 0.9876 accuracy: 0.9876
stage 17/50
Accuracy report (17) mean_iu: 0.4197 freq_iu: 0.7175 mean_acc: 0.9888 accuracy: 0.9888
stage 18/50
Accuracy report (18) mean_iu: 0.4177 freq_iu: 0.7223 mean_acc: 0.9879 accuracy: 0.9879
stage 19/50
Accuracy report (19) mean_iu: 0.4239 freq_iu: 0.6551 mean_acc: 0.9858 accuracy: 0.9858
stage 20/50
Accuracy report (20) mean_iu: 0.4181 freq_iu: 0.7151 mean_acc: 0.9878 accuracy: 0.9878
stage 21/50
Accuracy report (21) mean_iu: 0.4223 freq_iu: 0.7375 mean_acc: 0.9888 accuracy: 0.9888
stage 22/50
Accuracy report (22) mean_iu: 0.4163 freq_iu: 0.7274 mean_acc: 0.9887 accuracy: 0.9887
stage 23/50
Accuracy report (23) mean_iu: 0.4319 freq_iu: 0.7150 mean_acc: 0.9881 accuracy: 0.9881
stage 24/50
Accuracy report (24) mean_iu: 0.4311 freq_iu: 0.7495 mean_acc: 0.9893 accuracy: 0.9893
stage 25/50
Accuracy report (25) mean_iu: 0.4270 freq_iu: 0.7325 mean_acc: 0.9895 accuracy: 0.9895
stage 26/50
Accuracy report (26) mean_iu: 0.4195 freq_iu: 0.7059 mean_acc: 0.9878 accuracy: 0.9878
stage 27/50
Accuracy report (27) mean_iu: 0.4357 freq_iu: 0.7103 mean_acc: 0.9879 accuracy: 0.9879
stage 28/50
Accuracy report (28) mean_iu: 0.4284 freq_iu: 0.7124 mean_acc: 0.9882 accuracy: 0.9882
stage 29/50
Accuracy report (29) mean_iu: 0.4232 freq_iu: 0.7032 mean_acc: 0.9877 accuracy: 0.9877
stage 30/50
Accuracy report (30) mean_iu: 0.4474 freq_iu: 0.7453 mean_acc: 0.9893 accuracy: 0.9893
stage 31/50
Accuracy report (31) mean_iu: 0.4369 freq_iu: 0.7182 mean_acc: 0.9884 accuracy: 0.9884
stage 32/50
Accuracy report (32) mean_iu: 0.4463 freq_iu: 0.7341 mean_acc: 0.9887 accuracy: 0.9887
stage 33/50
Accuracy report (33) mean_iu: 0.4269 freq_iu: 0.7109 mean_acc: 0.9880 accuracy: 0.9880
stage 34/50
Accuracy report (34) mean_iu: 0.4298 freq_iu: 0.7308 mean_acc: 0.9887 accuracy: 0.9887
stage 35/50
Accuracy report (35) mean_iu: 0.4461 freq_iu: 0.7153 mean_acc: 0.9882 accuracy: 0.9882
stage 36/50
Accuracy report (36) mean_iu: 0.4438 freq_iu: 0.7451 mean_acc: 0.9889 accuracy: 0.9889
stage 37/50
Accuracy report (37) mean_iu: 0.4290 freq_iu: 0.7085 mean_acc: 0.9877 accuracy: 0.9877
stage 38/50
Accuracy report (38) mean_iu: 0.4459 freq_iu: 0.7442 mean_acc: 0.9895 accuracy: 0.9895
stage 39/50
Accuracy report (39) mean_iu: 0.4615 freq_iu: 0.7558 mean_acc: 0.9894 accuracy: 0.9894
stage 40/50
Accuracy report (40) mean_iu: 0.4433 freq_iu: 0.7375 mean_acc: 0.9891 accuracy: 0.9891
stage 41/50
Accuracy report (41) mean_iu: 0.4357 freq_iu: 0.6815 mean_acc: 0.9869 accuracy: 0.9869
stage 42/50
Accuracy report (42) mean_iu: 0.4435 freq_iu: 0.7361 mean_acc: 0.9891 accuracy: 0.9891
stage 43/50
Accuracy report (43) mean_iu: 0.4412 freq_iu: 0.7542 mean_acc: 0.9895 accuracy: 0.9895
stage 44/50
Accuracy report (44) mean_iu: 0.4596 freq_iu: 0.7623 mean_acc: 0.9898 accuracy: 0.9898
stage 45/50
Accuracy report (45) mean_iu: 0.4483 freq_iu: 0.7180 mean_acc: 0.9878 accuracy: 0.9878
stage 46/50
Accuracy report (46) mean_iu: 0.4606 freq_iu: 0.7387 mean_acc: 0.9893 accuracy: 0.9893
stage 47/50
Accuracy report (47) mean_iu: 0.4445 freq_iu: 0.7327 mean_acc: 0.9893 accuracy: 0.9893
stage 48/50
Accuracy report (48) mean_iu: 0.4604 freq_iu: 0.7632 mean_acc: 0.9902 accuracy: 0.9902
stage 49/50
Accuracy report (49) mean_iu: 0.4554 freq_iu: 0.7206 mean_acc: 0.9885 accuracy: 0.9885
stage 50/50
Accuracy report (50) mean_iu: 0.4580 freq_iu: 0.7387 mean_acc: 0.9893 accuracy: 0.9893
