KETOS training
WARNING:root:Torch version 1.10.0+cu102 has not been tested with coremltools. You may run into unexpected errors. Torch 1.9.1 is the most recent version that has been tested.
Building training set
[51.9998] Text line " " is empty after transformations 
[52.6488] Text line " " is empty after transformations 
Building validation set
[54.1373] alphabet mismatch: chars in training set only: {'É', '_', '¥', '*', 'Á', '|', '"', 'Í', '0', '#', '•', '&', '°', 'k', 'û', '%', ']', 'K', '[', '’', 'â', '/', '„', 'ô', '^', '¬'} (not included in accuracy test during training) 
Initializing model ✓
stage 1/∞
Accuracy report (1) 0.9160 28769 2416
stage 2/∞
Accuracy report (2) 0.9484 28770 1484
stage 3/∞
Accuracy report (3) 0.9486 28763 1479
stage 4/∞
Accuracy report (4) 0.9557 28777 1274
stage 5/∞
Accuracy report (5) 0.9563 28764 1256
stage 6/∞
Accuracy report (6) 0.9562 28766 1259
stage 7/∞
Accuracy report (7) 0.9603 28765 1143
stage 8/∞
Accuracy report (8) 0.9593 28767 1170
stage 9/∞
Accuracy report (9) 0.9606 28764 1132
stage 10/∞
Accuracy report (10) 0.9596 28765 1162
stage 11/∞
Accuracy report (11) 0.9599 28760 1152
stage 12/∞
Accuracy report (12) 0.9536 28766 1336
Moving best model model_7.mlmodel (0.9602642059326172) to model_best.mlmodel
