Requirement already satisfied: albumentations in /home/users/j/jacsont/Sandozenv/lib/python3.8/site-packages (1.1.0)
Requirement already satisfied: PyYAML in /home/users/j/jacsont/Sandozenv/lib/python3.8/site-packages (from albumentations) (6.0)
Requirement already satisfied: scipy in /home/users/j/jacsont/Sandozenv/lib/python3.8/site-packages (from albumentations) (1.7.3)
Requirement already satisfied: scikit-image>=0.16.1 in /home/users/j/jacsont/Sandozenv/lib/python3.8/site-packages (from albumentations) (0.19.0)
Requirement already satisfied: opencv-python-headless>=4.1.1 in /home/users/j/jacsont/Sandozenv/lib/python3.8/site-packages (from albumentations) (4.5.5.62)
Requirement already satisfied: numpy>=1.11.1 in /home/users/j/jacsont/Sandozenv/lib/python3.8/site-packages (from albumentations) (1.21.4)
Requirement already satisfied: qudida>=0.0.4 in /home/users/j/jacsont/Sandozenv/lib/python3.8/site-packages (from albumentations) (0.0.4)
Requirement already satisfied: imageio>=2.4.1 in /home/users/j/jacsont/Sandozenv/lib/python3.8/site-packages (from scikit-image>=0.16.1->albumentations) (2.13.3)
Requirement already satisfied: networkx>=2.2 in /home/users/j/jacsont/Sandozenv/lib/python3.8/site-packages (from scikit-image>=0.16.1->albumentations) (2.6.3)
Requirement already satisfied: pillow!=7.1.0,!=7.1.1,!=8.3.0,>=6.1.0 in /home/users/j/jacsont/Sandozenv/lib/python3.8/site-packages (from scikit-image>=0.16.1->albumentations) (8.4.0)
Requirement already satisfied: packaging>=20.0 in /home/users/j/jacsont/Sandozenv/lib/python3.8/site-packages (from scikit-image>=0.16.1->albumentations) (21.3)
Requirement already satisfied: PyWavelets>=1.1.1 in /home/users/j/jacsont/Sandozenv/lib/python3.8/site-packages (from scikit-image>=0.16.1->albumentations) (1.2.0)
Requirement already satisfied: tifffile>=2019.7.26 in /home/users/j/jacsont/Sandozenv/lib/python3.8/site-packages (from scikit-image>=0.16.1->albumentations) (2021.11.2)
Requirement already satisfied: typing-extensions in /home/users/j/jacsont/Sandozenv/lib/python3.8/site-packages (from qudida>=0.0.4->albumentations) (4.0.1)
Requirement already satisfied: scikit-learn>=0.19.1 in /home/users/j/jacsont/Sandozenv/lib/python3.8/site-packages (from qudida>=0.0.4->albumentations) (1.0.2)
Requirement already satisfied: pyparsing!=3.0.5,>=2.0.2 in /home/users/j/jacsont/Sandozenv/lib/python3.8/site-packages (from packaging>=20.0->scikit-image>=0.16.1->albumentations) (3.0.6)
Requirement already satisfied: threadpoolctl>=2.0.0 in /home/users/j/jacsont/Sandozenv/lib/python3.8/site-packages (from scikit-learn>=0.19.1->qudida>=0.0.4->albumentations) (3.1.0)
Requirement already satisfied: joblib>=0.11 in /home/users/j/jacsont/Sandozenv/lib/python3.8/site-packages (from scikit-learn>=0.19.1->qudida>=0.0.4->albumentations) (1.1.0)
WARNING: You are using pip version 20.2.1; however, version 22.0.3 is available.
You should consider upgrading via the '/home/users/j/jacsont/Sandozenv/bin/python3 -m pip install --upgrade pip' command.
KETOS training
WARNING:root:scikit-learn version 1.0.2 is not supported. Minimum required version: 0.17. Maximum required version: 0.19.2. Disabling scikit-learn conversion API.
WARNING:root:Torch version 1.10.0+cu102 has not been tested with coremltools. You may run into unexpected errors. Torch 1.9.1 is the most recent version that has been tested.
[9.2399] No valid filename found in ALTO file 
Creating model [1,120,0,1 Cr3,13,32 Do0.1,2 Mp2,2 Cr3,13,32 Do0.1,2 Mp2,2 Cr3,9,64 Do0.1,2 Mp2,2 Cr3,9,64 Do0.1,2 S1(1x0)1,3 Lbx200 Do0.1,2 Lbx200 Do.1,2 Lbx200 Do O2l17] with 17 outputs ✓
Training line types:
  default	2	22749
  CustomLine:propriedad	3	2
  CustomLine:trailer	4	55
Training region types:
  GraphicZone:illustration	5	115
  GraphicZone:ornamentation	6	15
  CustomZone:titulo_parte	7	44
  CustomZone:impresorNum	8	59
  CustomZone:subtitulo	9	60
  NumberingZone:page	10	166
  text	11	18
  CustomZone:primer_titulo	12	76
  CustomZone:numero_pliego	13	4
  MarginTextZone:colophon	14	71
  MainZone	15	857
  MarginTextZone:note	16	2
stage 1/50
Accuracy report (1) mean_iu: 0.7764 freq_iu: 0.0568 mean_acc: 0.7928 accuracy: 0.7928
stage 2/50
Accuracy report (2) mean_iu: 0.7769 freq_iu: 0.0592 mean_acc: 0.7987 accuracy: 0.7987
stage 3/50
Accuracy report (3) mean_iu: 0.7768 freq_iu: 0.0581 mean_acc: 0.8092 accuracy: 0.8092
stage 4/50
Accuracy report (4) mean_iu: 0.7771 freq_iu: 0.0593 mean_acc: 0.8150 accuracy: 0.8150
stage 5/50
Accuracy report (5) mean_iu: 0.7771 freq_iu: 0.0593 mean_acc: 0.8150 accuracy: 0.8150
stage 6/50
Accuracy report (6) mean_iu: 0.7779 freq_iu: 0.0639 mean_acc: 0.8173 accuracy: 0.8173
stage 7/50
Accuracy report (7) mean_iu: 0.7780 freq_iu: 0.0642 mean_acc: 0.8170 accuracy: 0.8170
stage 8/50
Accuracy report (8) mean_iu: 0.7798 freq_iu: 0.0713 mean_acc: 0.8510 accuracy: 0.8510
stage 9/50
Accuracy report (9) mean_iu: 0.7784 freq_iu: 0.0646 mean_acc: 0.8376 accuracy: 0.8376
stage 10/50
Accuracy report (10) mean_iu: 0.7786 freq_iu: 0.0662 mean_acc: 0.8373 accuracy: 0.8373
stage 11/50
Accuracy report (11) mean_iu: 0.7193 freq_iu: 0.0645 mean_acc: 0.8199 accuracy: 0.8199
stage 12/50
Accuracy report (12) mean_iu: 0.7198 freq_iu: 0.0662 mean_acc: 0.8320 accuracy: 0.8320
stage 13/50
Accuracy report (13) mean_iu: 0.7200 freq_iu: 0.0675 mean_acc: 0.8278 accuracy: 0.8278
stage 14/50
Accuracy report (14) mean_iu: 0.7197 freq_iu: 0.0659 mean_acc: 0.8248 accuracy: 0.8248
stage 15/50
Accuracy report (15) mean_iu: 0.7208 freq_iu: 0.0717 mean_acc: 0.8392 accuracy: 0.8392
stage 16/50
Accuracy report (16) mean_iu: 0.7201 freq_iu: 0.0673 mean_acc: 0.8307 accuracy: 0.8307
stage 17/50
Accuracy report (17) mean_iu: 0.7203 freq_iu: 0.0688 mean_acc: 0.8366 accuracy: 0.8366
stage 18/50
Accuracy report (18) mean_iu: 0.7205 freq_iu: 0.0704 mean_acc: 0.8333 accuracy: 0.8333
stage 19/50
Accuracy report (19) mean_iu: 0.7211 freq_iu: 0.0724 mean_acc: 0.8386 accuracy: 0.8386
stage 20/50
Accuracy report (20) mean_iu: 0.7203 freq_iu: 0.0689 mean_acc: 0.8317 accuracy: 0.8317
stage 21/50
Accuracy report (21) mean_iu: 0.7786 freq_iu: 0.0664 mean_acc: 0.8333 accuracy: 0.8333
stage 22/50
Accuracy report (22) mean_iu: 0.7200 freq_iu: 0.0679 mean_acc: 0.8252 accuracy: 0.8252
stage 23/50
Accuracy report (23) mean_iu: 0.7202 freq_iu: 0.0693 mean_acc: 0.8327 accuracy: 0.8327
stage 24/50
Accuracy report (24) mean_iu: 0.7206 freq_iu: 0.0709 mean_acc: 0.8395 accuracy: 0.8395
stage 25/50
Accuracy report (25) mean_iu: 0.7208 freq_iu: 0.0716 mean_acc: 0.8379 accuracy: 0.8379
stage 26/50
Accuracy report (26) mean_iu: 0.7793 freq_iu: 0.0704 mean_acc: 0.8386 accuracy: 0.8386
stage 27/50
Accuracy report (27) mean_iu: 0.7201 freq_iu: 0.0686 mean_acc: 0.8239 accuracy: 0.8239
stage 28/50
Accuracy report (28) mean_iu: 0.7204 freq_iu: 0.0702 mean_acc: 0.8343 accuracy: 0.8343
stage 29/50
Accuracy report (29) mean_iu: 0.7204 freq_iu: 0.0702 mean_acc: 0.8301 accuracy: 0.8301
stage 30/50
Accuracy report (30) mean_iu: 0.7210 freq_iu: 0.0733 mean_acc: 0.8408 accuracy: 0.8408
stage 31/50
Accuracy report (31) mean_iu: 0.7210 freq_iu: 0.0724 mean_acc: 0.8379 accuracy: 0.8379
stage 32/50
Accuracy report (32) mean_iu: 0.7209 freq_iu: 0.0720 mean_acc: 0.8340 accuracy: 0.8340
stage 33/50
Accuracy report (33) mean_iu: 0.7211 freq_iu: 0.0731 mean_acc: 0.8389 accuracy: 0.8389
stage 34/50
Accuracy report (34) mean_iu: 0.7212 freq_iu: 0.0735 mean_acc: 0.8412 accuracy: 0.8412
stage 35/50
Accuracy report (35) mean_iu: 0.7207 freq_iu: 0.0719 mean_acc: 0.8291 accuracy: 0.8291
stage 36/50
Accuracy report (36) mean_iu: 0.7211 freq_iu: 0.0730 mean_acc: 0.8451 accuracy: 0.8451
stage 37/50
Accuracy report (37) mean_iu: 0.7207 freq_iu: 0.0716 mean_acc: 0.8327 accuracy: 0.8327
stage 38/50
Accuracy report (38) mean_iu: 0.7213 freq_iu: 0.0736 mean_acc: 0.8405 accuracy: 0.8405
stage 39/50
Accuracy report (39) mean_iu: 0.7213 freq_iu: 0.0745 mean_acc: 0.8395 accuracy: 0.8395
stage 40/50
Accuracy report (40) mean_iu: 0.7199 freq_iu: 0.0678 mean_acc: 0.8343 accuracy: 0.8343
stage 41/50
Accuracy report (41) mean_iu: 0.7211 freq_iu: 0.0733 mean_acc: 0.8376 accuracy: 0.8376
stage 42/50
Accuracy report (42) mean_iu: 0.7208 freq_iu: 0.0723 mean_acc: 0.8435 accuracy: 0.8435
stage 43/50
Accuracy report (43) mean_iu: 0.7208 freq_iu: 0.0728 mean_acc: 0.8392 accuracy: 0.8392
stage 44/50
Accuracy report (44) mean_iu: 0.7208 freq_iu: 0.0725 mean_acc: 0.8431 accuracy: 0.8431
stage 45/50
Accuracy report (45) mean_iu: 0.7206 freq_iu: 0.0710 mean_acc: 0.8408 accuracy: 0.8408
stage 46/50
Accuracy report (46) mean_iu: 0.7206 freq_iu: 0.0714 mean_acc: 0.8415 accuracy: 0.8415
stage 47/50
Accuracy report (47) mean_iu: 0.7204 freq_iu: 0.0707 mean_acc: 0.8363 accuracy: 0.8363
stage 48/50
Accuracy report (48) mean_iu: 0.7203 freq_iu: 0.0697 mean_acc: 0.8386 accuracy: 0.8386
stage 49/50
Accuracy report (49) mean_iu: 0.7206 freq_iu: 0.0717 mean_acc: 0.8415 accuracy: 0.8415
stage 50/50
Accuracy report (50) mean_iu: 0.7202 freq_iu: 0.0690 mean_acc: 0.8376 accuracy: 0.8376
