KETOS training
WARNING:root:Torch version 1.10.0+cu102 has not been tested with coremltools. You may run into unexpected errors. Torch 1.9.1 is the most recent version that has been tested.
Creating model [1,1200,0,3 Cr7,7,64,2,2 Gn32 Cr3,3,128,2,2 Gn32 Cr3,3,128 Gn32 Cr3,3,256 Gn32 Cr3,3,256 Gn32 Lbx32 Lby32 Cr1,1,32 Gn32 Lby32 Lbx32 O2l17] with 17 outputs ✓
Training line types:
  CustomLine:trailer	2	52
  default	3	22746
Training region types:
  text	4	74
  MarginTextZone:note	5	2
  CustomZone:primer_titulo	6	57
  GraphicZone:ornamentation	7	15
  CustomZone:numero_pliego	8	2
  GraphicZone:illustration	9	109
  MainZone	10	830
  CustomZone:subtitulo	11	17
  CustomZone:titulo_parte	12	82
  MarginTextZone:colophon	13	69
  QuireMarksZone:signature	14	2
  CustomZone:impresorNum	15	49
  NumberingZone:page	16	157
stage 1/50
Accuracy report (1) mean_iu: 0.2086 freq_iu: 0.3477 mean_acc: 0.9554 accuracy: 0.9554
stage 2/50
Accuracy report (2) mean_iu: 0.2399 freq_iu: 0.4358 mean_acc: 0.9577 accuracy: 0.9577
stage 3/50
Accuracy report (3) mean_iu: 0.2659 freq_iu: 0.6214 mean_acc: 0.9782 accuracy: 0.9782
stage 4/50
Accuracy report (4) mean_iu: 0.2433 freq_iu: 0.6862 mean_acc: 0.9808 accuracy: 0.9808
stage 5/50
Accuracy report (5) mean_iu: 0.3067 freq_iu: 0.7211 mean_acc: 0.9835 accuracy: 0.9835
stage 6/50
Accuracy report (6) mean_iu: 0.2778 freq_iu: 0.7388 mean_acc: 0.9833 accuracy: 0.9833
stage 7/50
Accuracy report (7) mean_iu: 0.3494 freq_iu: 0.7430 mean_acc: 0.9846 accuracy: 0.9846
stage 8/50
Accuracy report (8) mean_iu: 0.3436 freq_iu: 0.7507 mean_acc: 0.9849 accuracy: 0.9849
stage 9/50
Accuracy report (9) mean_iu: 0.3500 freq_iu: 0.7361 mean_acc: 0.9837 accuracy: 0.9837
stage 10/50
Accuracy report (10) mean_iu: 0.3583 freq_iu: 0.7544 mean_acc: 0.9843 accuracy: 0.9843
stage 11/50
Accuracy report (11) mean_iu: 0.3998 freq_iu: 0.7733 mean_acc: 0.9853 accuracy: 0.9853
stage 12/50
Accuracy report (12) mean_iu: 0.3955 freq_iu: 0.7847 mean_acc: 0.9862 accuracy: 0.9862
stage 13/50
Accuracy report (13) mean_iu: 0.4052 freq_iu: 0.7888 mean_acc: 0.9860 accuracy: 0.9860
stage 14/50
Accuracy report (14) mean_iu: 0.4192 freq_iu: 0.7964 mean_acc: 0.9861 accuracy: 0.9861
stage 15/50
Accuracy report (15) mean_iu: 0.4316 freq_iu: 0.7938 mean_acc: 0.9857 accuracy: 0.9857
stage 16/50
Accuracy report (16) mean_iu: 0.4293 freq_iu: 0.8001 mean_acc: 0.9867 accuracy: 0.9867
stage 17/50
Accuracy report (17) mean_iu: 0.4371 freq_iu: 0.8005 mean_acc: 0.9869 accuracy: 0.9869
stage 18/50
Accuracy report (18) mean_iu: 0.4312 freq_iu: 0.7848 mean_acc: 0.9854 accuracy: 0.9854
stage 19/50
Accuracy report (19) mean_iu: 0.4365 freq_iu: 0.7774 mean_acc: 0.9846 accuracy: 0.9846
stage 20/50
Accuracy report (20) mean_iu: 0.4429 freq_iu: 0.8076 mean_acc: 0.9869 accuracy: 0.9869
stage 21/50
Accuracy report (21) mean_iu: 0.4432 freq_iu: 0.7775 mean_acc: 0.9848 accuracy: 0.9848
stage 22/50
Accuracy report (22) mean_iu: 0.4471 freq_iu: 0.8070 mean_acc: 0.9867 accuracy: 0.9867
stage 23/50
Accuracy report (23) mean_iu: 0.4545 freq_iu: 0.8138 mean_acc: 0.9873 accuracy: 0.9873
stage 24/50
Accuracy report (24) mean_iu: 0.4594 freq_iu: 0.8065 mean_acc: 0.9872 accuracy: 0.9872
stage 25/50
Accuracy report (25) mean_iu: 0.4736 freq_iu: 0.8170 mean_acc: 0.9875 accuracy: 0.9875
stage 26/50
Accuracy report (26) mean_iu: 0.4748 freq_iu: 0.7989 mean_acc: 0.9860 accuracy: 0.9860
stage 27/50
Accuracy report (27) mean_iu: 0.4769 freq_iu: 0.8047 mean_acc: 0.9867 accuracy: 0.9867
stage 28/50
Accuracy report (28) mean_iu: 0.4918 freq_iu: 0.8120 mean_acc: 0.9872 accuracy: 0.9872
stage 29/50
Accuracy report (29) mean_iu: 0.5059 freq_iu: 0.8167 mean_acc: 0.9876 accuracy: 0.9876
stage 30/50
Accuracy report (30) mean_iu: 0.5157 freq_iu: 0.8018 mean_acc: 0.9865 accuracy: 0.9865
stage 31/50
Accuracy report (31) mean_iu: 0.4967 freq_iu: 0.7981 mean_acc: 0.9868 accuracy: 0.9868
stage 32/50
Accuracy report (32) mean_iu: 0.5021 freq_iu: 0.8060 mean_acc: 0.9862 accuracy: 0.9862
stage 33/50
Accuracy report (33) mean_iu: 0.5286 freq_iu: 0.8260 mean_acc: 0.9886 accuracy: 0.9886
stage 34/50
Accuracy report (34) mean_iu: 0.4999 freq_iu: 0.8092 mean_acc: 0.9871 accuracy: 0.9871
stage 35/50
Accuracy report (35) mean_iu: 0.5318 freq_iu: 0.8060 mean_acc: 0.9869 accuracy: 0.9869
stage 36/50
Accuracy report (36) mean_iu: 0.5171 freq_iu: 0.8098 mean_acc: 0.9870 accuracy: 0.9870
stage 37/50
Accuracy report (37) mean_iu: 0.5572 freq_iu: 0.8210 mean_acc: 0.9882 accuracy: 0.9882
stage 38/50
Accuracy report (38) mean_iu: 0.5385 freq_iu: 0.8151 mean_acc: 0.9875 accuracy: 0.9875
stage 39/50
Accuracy report (39) mean_iu: 0.5433 freq_iu: 0.8171 mean_acc: 0.9878 accuracy: 0.9878
stage 40/50
Accuracy report (40) mean_iu: 0.5539 freq_iu: 0.8159 mean_acc: 0.9878 accuracy: 0.9878
stage 41/50
Accuracy report (41) mean_iu: 0.5630 freq_iu: 0.8143 mean_acc: 0.9876 accuracy: 0.9876
stage 42/50
Accuracy report (42) mean_iu: 0.5736 freq_iu: 0.8318 mean_acc: 0.9888 accuracy: 0.9888
stage 43/50
Accuracy report (43) mean_iu: 0.5776 freq_iu: 0.8272 mean_acc: 0.9888 accuracy: 0.9888
stage 44/50
Accuracy report (44) mean_iu: 0.5785 freq_iu: 0.8214 mean_acc: 0.9878 accuracy: 0.9878
stage 45/50
Accuracy report (45) mean_iu: 0.5892 freq_iu: 0.8284 mean_acc: 0.9888 accuracy: 0.9888
stage 46/50
Accuracy report (46) mean_iu: 0.4562 freq_iu: 0.7865 mean_acc: 0.9850 accuracy: 0.9850
stage 47/50
Accuracy report (47) mean_iu: 0.5024 freq_iu: 0.7997 mean_acc: 0.9865 accuracy: 0.9865
stage 48/50
Accuracy report (48) mean_iu: 0.5223 freq_iu: 0.8018 mean_acc: 0.9864 accuracy: 0.9864
stage 49/50
Accuracy report (49) mean_iu: 0.5159 freq_iu: 0.8138 mean_acc: 0.9874 accuracy: 0.9874
stage 50/50
Accuracy report (50) mean_iu: 0.5351 freq_iu: 0.8107 mean_acc: 0.9871 accuracy: 0.9871
