KETOS training
WARNING:root:Torch version 1.10.0+cu102 has not been tested with coremltools. You may run into unexpected errors. Torch 1.9.1 is the most recent version that has been tested.
Creating model [1,1200,0,3 Cr7,7,64,2,2 Gn32 Cr3,3,128,2,2 Gn32 Cr3,3,128 Gn32 Cr3,3,256 Gn32 Cr3,3,256 Gn32 Lbx32 Lby32 Cr1,1,32 Gn32 Lby32 Lbx32 O2l17] with 17 outputs ✓
Training line types:
  default	2	22746
  CustomLine:trailer	3	52
Training region types:
  CustomZone:impresorNum	4	49
  CustomZone:numero_pliego	5	2
  MainZone	6	830
  CustomZone:primer_titulo	7	57
  GraphicZone:illustration	8	109
  MarginTextZone:colophon	9	69
  CustomZone:subtitulo	10	17
  MarginTextZone:note	11	2
  text	12	74
  GraphicZone:ornamentation	13	15
  QuireMarksZone:signature	14	2
  CustomZone:titulo_parte	15	82
  NumberingZone:page	16	157
stage 1/50
Accuracy report (1) mean_iu: 0.2083 freq_iu: 0.3467 mean_acc: 0.9555 accuracy: 0.9555
stage 2/50
Accuracy report (2) mean_iu: 0.2441 freq_iu: 0.4464 mean_acc: 0.9591 accuracy: 0.9591
stage 3/50
Accuracy report (3) mean_iu: 0.2451 freq_iu: 0.4540 mean_acc: 0.9598 accuracy: 0.9598
stage 4/50
Accuracy report (4) mean_iu: 0.2982 freq_iu: 0.6810 mean_acc: 0.9815 accuracy: 0.9815
stage 5/50
Accuracy report (5) mean_iu: 0.2499 freq_iu: 0.7028 mean_acc: 0.9824 accuracy: 0.9824
stage 6/50
Accuracy report (6) mean_iu: 0.3107 freq_iu: 0.7100 mean_acc: 0.9830 accuracy: 0.9830
stage 7/50
Accuracy report (7) mean_iu: 0.3456 freq_iu: 0.7488 mean_acc: 0.9852 accuracy: 0.9852
stage 8/50
Accuracy report (8) mean_iu: 0.3470 freq_iu: 0.7387 mean_acc: 0.9839 accuracy: 0.9839
stage 9/50
Accuracy report (9) mean_iu: 0.3716 freq_iu: 0.7654 mean_acc: 0.9853 accuracy: 0.9853
stage 10/50
Accuracy report (10) mean_iu: 0.3771 freq_iu: 0.7596 mean_acc: 0.9851 accuracy: 0.9851
stage 11/50
Accuracy report (11) mean_iu: 0.3934 freq_iu: 0.7600 mean_acc: 0.9847 accuracy: 0.9847
stage 12/50
Accuracy report (12) mean_iu: 0.4007 freq_iu: 0.7945 mean_acc: 0.9865 accuracy: 0.9865
stage 13/50
Accuracy report (13) mean_iu: 0.4153 freq_iu: 0.7862 mean_acc: 0.9852 accuracy: 0.9852
stage 14/50
Accuracy report (14) mean_iu: 0.4045 freq_iu: 0.7736 mean_acc: 0.9839 accuracy: 0.9839
stage 15/50
Accuracy report (15) mean_iu: 0.4175 freq_iu: 0.7871 mean_acc: 0.9852 accuracy: 0.9852
stage 16/50
Accuracy report (16) mean_iu: 0.4299 freq_iu: 0.7980 mean_acc: 0.9862 accuracy: 0.9862
stage 17/50
Accuracy report (17) mean_iu: 0.4364 freq_iu: 0.7944 mean_acc: 0.9859 accuracy: 0.9859
stage 18/50
Accuracy report (18) mean_iu: 0.4302 freq_iu: 0.7909 mean_acc: 0.9853 accuracy: 0.9853
stage 19/50
Accuracy report (19) mean_iu: 0.4298 freq_iu: 0.7934 mean_acc: 0.9856 accuracy: 0.9856
stage 20/50
Accuracy report (20) mean_iu: 0.4390 freq_iu: 0.8057 mean_acc: 0.9863 accuracy: 0.9863
stage 21/50
Accuracy report (21) mean_iu: 0.4389 freq_iu: 0.8027 mean_acc: 0.9860 accuracy: 0.9860
stage 22/50
Accuracy report (22) mean_iu: 0.4393 freq_iu: 0.8002 mean_acc: 0.9862 accuracy: 0.9862
stage 23/50
Accuracy report (23) mean_iu: 0.4352 freq_iu: 0.7822 mean_acc: 0.9852 accuracy: 0.9852
stage 24/50
Accuracy report (24) mean_iu: 0.4413 freq_iu: 0.8067 mean_acc: 0.9866 accuracy: 0.9866
stage 25/50
Accuracy report (25) mean_iu: 0.4426 freq_iu: 0.8057 mean_acc: 0.9865 accuracy: 0.9865
stage 26/50
Accuracy report (26) mean_iu: 0.4370 freq_iu: 0.8094 mean_acc: 0.9863 accuracy: 0.9863
stage 27/50
Accuracy report (27) mean_iu: 0.4439 freq_iu: 0.8189 mean_acc: 0.9873 accuracy: 0.9873
stage 28/50
Accuracy report (28) mean_iu: 0.4334 freq_iu: 0.8042 mean_acc: 0.9872 accuracy: 0.9872
stage 29/50
Accuracy report (29) mean_iu: 0.4441 freq_iu: 0.8122 mean_acc: 0.9868 accuracy: 0.9868
stage 30/50
Accuracy report (30) mean_iu: 0.4266 freq_iu: 0.7864 mean_acc: 0.9842 accuracy: 0.9842
stage 31/50
Accuracy report (31) mean_iu: 0.4449 freq_iu: 0.8024 mean_acc: 0.9864 accuracy: 0.9864
stage 32/50
Accuracy report (32) mean_iu: 0.4432 freq_iu: 0.7966 mean_acc: 0.9862 accuracy: 0.9862
stage 33/50
Accuracy report (33) mean_iu: 0.4508 freq_iu: 0.8155 mean_acc: 0.9878 accuracy: 0.9878
stage 34/50
Accuracy report (34) mean_iu: 0.4580 freq_iu: 0.8176 mean_acc: 0.9871 accuracy: 0.9871
stage 35/50
Accuracy report (35) mean_iu: 0.4526 freq_iu: 0.8036 mean_acc: 0.9866 accuracy: 0.9866
stage 36/50
Accuracy report (36) mean_iu: 0.4510 freq_iu: 0.8101 mean_acc: 0.9876 accuracy: 0.9876
stage 37/50
Accuracy report (37) mean_iu: 0.4569 freq_iu: 0.7982 mean_acc: 0.9865 accuracy: 0.9865
stage 38/50
Accuracy report (38) mean_iu: 0.4693 freq_iu: 0.7811 mean_acc: 0.9849 accuracy: 0.9849
stage 39/50
Accuracy report (39) mean_iu: 0.4751 freq_iu: 0.8104 mean_acc: 0.9876 accuracy: 0.9876
stage 40/50
Accuracy report (40) mean_iu: 0.5024 freq_iu: 0.8119 mean_acc: 0.9874 accuracy: 0.9874
stage 41/50
Accuracy report (41) mean_iu: 0.4801 freq_iu: 0.8055 mean_acc: 0.9863 accuracy: 0.9863
stage 42/50
Accuracy report (42) mean_iu: 0.5250 freq_iu: 0.8222 mean_acc: 0.9881 accuracy: 0.9881
stage 43/50
Accuracy report (43) mean_iu: 0.4937 freq_iu: 0.8174 mean_acc: 0.9875 accuracy: 0.9875
stage 44/50
Accuracy report (44) mean_iu: 0.5072 freq_iu: 0.8141 mean_acc: 0.9873 accuracy: 0.9873
stage 45/50
Accuracy report (45) mean_iu: 0.5237 freq_iu: 0.8103 mean_acc: 0.9875 accuracy: 0.9875
stage 46/50
Accuracy report (46) mean_iu: 0.5303 freq_iu: 0.8257 mean_acc: 0.9878 accuracy: 0.9878
stage 47/50
Accuracy report (47) mean_iu: 0.5183 freq_iu: 0.8186 mean_acc: 0.9876 accuracy: 0.9876
stage 48/50
Accuracy report (48) mean_iu: 0.5344 freq_iu: 0.8214 mean_acc: 0.9880 accuracy: 0.9880
stage 49/50
Accuracy report (49) mean_iu: 0.4612 freq_iu: 0.8075 mean_acc: 0.9871 accuracy: 0.9871
stage 50/50
Accuracy report (50) mean_iu: 0.4339 freq_iu: 0.7779 mean_acc: 0.9849 accuracy: 0.9849
