Requirement already satisfied: albumentations in /home/users/j/jacsont/Sandozenv/lib/python3.8/site-packages (1.1.0)
Requirement already satisfied: scikit-image>=0.16.1 in /home/users/j/jacsont/Sandozenv/lib/python3.8/site-packages (from albumentations) (0.19.0)
Requirement already satisfied: qudida>=0.0.4 in /home/users/j/jacsont/Sandozenv/lib/python3.8/site-packages (from albumentations) (0.0.4)
Requirement already satisfied: opencv-python-headless>=4.1.1 in /home/users/j/jacsont/Sandozenv/lib/python3.8/site-packages (from albumentations) (4.5.5.62)
Requirement already satisfied: numpy>=1.11.1 in /home/users/j/jacsont/Sandozenv/lib/python3.8/site-packages (from albumentations) (1.21.4)
Requirement already satisfied: scipy in /home/users/j/jacsont/Sandozenv/lib/python3.8/site-packages (from albumentations) (1.7.3)
Requirement already satisfied: PyYAML in /home/users/j/jacsont/Sandozenv/lib/python3.8/site-packages (from albumentations) (6.0)
Requirement already satisfied: networkx>=2.2 in /home/users/j/jacsont/Sandozenv/lib/python3.8/site-packages (from scikit-image>=0.16.1->albumentations) (2.6.3)
Requirement already satisfied: PyWavelets>=1.1.1 in /home/users/j/jacsont/Sandozenv/lib/python3.8/site-packages (from scikit-image>=0.16.1->albumentations) (1.2.0)
Requirement already satisfied: imageio>=2.4.1 in /home/users/j/jacsont/Sandozenv/lib/python3.8/site-packages (from scikit-image>=0.16.1->albumentations) (2.13.3)
Requirement already satisfied: pillow!=7.1.0,!=7.1.1,!=8.3.0,>=6.1.0 in /home/users/j/jacsont/Sandozenv/lib/python3.8/site-packages (from scikit-image>=0.16.1->albumentations) (8.4.0)
Requirement already satisfied: tifffile>=2019.7.26 in /home/users/j/jacsont/Sandozenv/lib/python3.8/site-packages (from scikit-image>=0.16.1->albumentations) (2021.11.2)
Requirement already satisfied: packaging>=20.0 in /home/users/j/jacsont/Sandozenv/lib/python3.8/site-packages (from scikit-image>=0.16.1->albumentations) (21.3)
Requirement already satisfied: scikit-learn>=0.19.1 in /home/users/j/jacsont/Sandozenv/lib/python3.8/site-packages (from qudida>=0.0.4->albumentations) (1.0.2)
Requirement already satisfied: typing-extensions in /home/users/j/jacsont/Sandozenv/lib/python3.8/site-packages (from qudida>=0.0.4->albumentations) (4.0.1)
Requirement already satisfied: pyparsing!=3.0.5,>=2.0.2 in /home/users/j/jacsont/Sandozenv/lib/python3.8/site-packages (from packaging>=20.0->scikit-image>=0.16.1->albumentations) (3.0.6)
Requirement already satisfied: threadpoolctl>=2.0.0 in /home/users/j/jacsont/Sandozenv/lib/python3.8/site-packages (from scikit-learn>=0.19.1->qudida>=0.0.4->albumentations) (3.1.0)
Requirement already satisfied: joblib>=0.11 in /home/users/j/jacsont/Sandozenv/lib/python3.8/site-packages (from scikit-learn>=0.19.1->qudida>=0.0.4->albumentations) (1.1.0)
WARNING: You are using pip version 20.2.1; however, version 22.1.2 is available.
You should consider upgrading via the '/home/users/j/jacsont/Sandozenv/bin/python3 -m pip install --upgrade pip' command.
KETOS training
WARNING:root:scikit-learn version 1.0.2 is not supported. Minimum required version: 0.17. Maximum required version: 0.19.2. Disabling scikit-learn conversion API.
WARNING:root:Torch version 1.10.0+cu102 has not been tested with coremltools. You may run into unexpected errors. Torch 1.9.1 is the most recent version that has been tested.
Creating model [1,1200,0,3 Cr7,7,64,2,2 Gn32 Cr3,3,128,2,2 Gn32 Cr3,3,128 Gn32 Cr3,3,256 Gn32 Cr3,3,256 Gn32 Lbx32 Lby32 Cr1,1,32 Gn32 Lby32 Lbx32 O2l19] with 19 outputs ✓
Training line types:
  default	2	101
  HeadingLine	3	1010
  CustomLine:trailer	4	85
  DefaultLine	5	37397
  CustomLine:propriedad	6	58
Training region types:
  GraphicZone:illustration	7	235
  NumberingZone:page	8	169
  CustomZone:impresorNum	9	62
  MainZone	10	354
  GraphicZone:ornamentation	11	21
  text	12	21
  CustomZone:numero_pliego	13	6
  MarginTextZone:colophon	14	174
  CustomZone:title	15	379
  QuireMarksZone:catchwords	16	1
  MainZone:columns	17	1731
  MarginTextZone:note	18	2
stage 1/50
Accuracy report (1) mean_iu: 0.1925 freq_iu: 0.3082 mean_acc: 0.9756 accuracy: 0.9756
stage 2/50
Accuracy report (2) mean_iu: 0.2232 freq_iu: 0.4080 mean_acc: 0.9778 accuracy: 0.9778
stage 3/50
Accuracy report (3) mean_iu: 0.2695 freq_iu: 0.5503 mean_acc: 0.9819 accuracy: 0.9819
stage 4/50
Accuracy report (4) mean_iu: 0.3075 freq_iu: 0.6026 mean_acc: 0.9837 accuracy: 0.9837
stage 5/50
Accuracy report (5) mean_iu: 0.3314 freq_iu: 0.6502 mean_acc: 0.9861 accuracy: 0.9861
stage 6/50
Accuracy report (6) mean_iu: 0.3625 freq_iu: 0.6555 mean_acc: 0.9858 accuracy: 0.9858
stage 7/50
Accuracy report (7) mean_iu: 0.3724 freq_iu: 0.6621 mean_acc: 0.9861 accuracy: 0.9861
stage 8/50
Accuracy report (8) mean_iu: 0.3834 freq_iu: 0.6881 mean_acc: 0.9872 accuracy: 0.9872
stage 9/50
Accuracy report (9) mean_iu: 0.3883 freq_iu: 0.6776 mean_acc: 0.9861 accuracy: 0.9861
stage 10/50
Accuracy report (10) mean_iu: 0.4013 freq_iu: 0.6965 mean_acc: 0.9869 accuracy: 0.9869
stage 11/50
Accuracy report (11) mean_iu: 0.4053 freq_iu: 0.6889 mean_acc: 0.9867 accuracy: 0.9867
stage 12/50
Accuracy report (12) mean_iu: 0.3928 freq_iu: 0.6861 mean_acc: 0.9864 accuracy: 0.9864
stage 13/50
Accuracy report (13) mean_iu: 0.4095 freq_iu: 0.7011 mean_acc: 0.9874 accuracy: 0.9874
stage 14/50
Accuracy report (14) mean_iu: 0.4160 freq_iu: 0.7050 mean_acc: 0.9873 accuracy: 0.9873
stage 15/50
Accuracy report (15) mean_iu: 0.4076 freq_iu: 0.6967 mean_acc: 0.9868 accuracy: 0.9868
stage 16/50
Accuracy report (16) mean_iu: 0.3997 freq_iu: 0.6840 mean_acc: 0.9847 accuracy: 0.9847
stage 17/50
Accuracy report (17) mean_iu: 0.4198 freq_iu: 0.7142 mean_acc: 0.9874 accuracy: 0.9874
stage 18/50
Accuracy report (18) mean_iu: 0.4127 freq_iu: 0.7066 mean_acc: 0.9875 accuracy: 0.9875
stage 19/50
Accuracy report (19) mean_iu: 0.4157 freq_iu: 0.7034 mean_acc: 0.9871 accuracy: 0.9871
stage 20/50
Accuracy report (20) mean_iu: 0.4200 freq_iu: 0.7140 mean_acc: 0.9876 accuracy: 0.9876
stage 21/50
Accuracy report (21) mean_iu: 0.4234 freq_iu: 0.7057 mean_acc: 0.9873 accuracy: 0.9873
stage 22/50
Accuracy report (22) mean_iu: 0.4277 freq_iu: 0.7057 mean_acc: 0.9874 accuracy: 0.9874
stage 23/50
Accuracy report (23) mean_iu: 0.4235 freq_iu: 0.7133 mean_acc: 0.9876 accuracy: 0.9876
stage 24/50
Accuracy report (24) mean_iu: 0.4344 freq_iu: 0.7167 mean_acc: 0.9877 accuracy: 0.9877
stage 25/50
Accuracy report (25) mean_iu: 0.4362 freq_iu: 0.7205 mean_acc: 0.9884 accuracy: 0.9884
stage 26/50
Accuracy report (26) mean_iu: 0.4326 freq_iu: 0.7044 mean_acc: 0.9868 accuracy: 0.9868
stage 27/50
Accuracy report (27) mean_iu: 0.4416 freq_iu: 0.7153 mean_acc: 0.9878 accuracy: 0.9878
stage 28/50
Accuracy report (28) mean_iu: 0.4465 freq_iu: 0.7130 mean_acc: 0.9879 accuracy: 0.9879
stage 29/50
Accuracy report (29) mean_iu: 0.4522 freq_iu: 0.7276 mean_acc: 0.9888 accuracy: 0.9888
stage 30/50
Accuracy report (30) mean_iu: 0.4467 freq_iu: 0.7240 mean_acc: 0.9879 accuracy: 0.9879
stage 31/50
Accuracy report (31) mean_iu: 0.4451 freq_iu: 0.7128 mean_acc: 0.9872 accuracy: 0.9872
stage 32/50
Accuracy report (32) mean_iu: 0.4566 freq_iu: 0.7188 mean_acc: 0.9881 accuracy: 0.9881
stage 33/50
Accuracy report (33) mean_iu: 0.4612 freq_iu: 0.7216 mean_acc: 0.9880 accuracy: 0.9880
stage 34/50
Accuracy report (34) mean_iu: 0.4660 freq_iu: 0.7129 mean_acc: 0.9873 accuracy: 0.9873
stage 35/50
Accuracy report (35) mean_iu: 0.4452 freq_iu: 0.7057 mean_acc: 0.9869 accuracy: 0.9869
stage 36/50
Accuracy report (36) mean_iu: 0.4704 freq_iu: 0.7048 mean_acc: 0.9871 accuracy: 0.9871
stage 37/50
Accuracy report (37) mean_iu: 0.4667 freq_iu: 0.7227 mean_acc: 0.9881 accuracy: 0.9881
stage 38/50
Accuracy report (38) mean_iu: 0.4589 freq_iu: 0.7157 mean_acc: 0.9882 accuracy: 0.9882
stage 39/50
Accuracy report (39) mean_iu: 0.4686 freq_iu: 0.7253 mean_acc: 0.9884 accuracy: 0.9884
stage 40/50
Accuracy report (40) mean_iu: 0.4851 freq_iu: 0.7201 mean_acc: 0.9883 accuracy: 0.9883
stage 41/50
Accuracy report (41) mean_iu: 0.4786 freq_iu: 0.7259 mean_acc: 0.9884 accuracy: 0.9884
stage 42/50
Accuracy report (42) mean_iu: 0.4722 freq_iu: 0.7155 mean_acc: 0.9879 accuracy: 0.9879
stage 43/50
Accuracy report (43) mean_iu: 0.4768 freq_iu: 0.7326 mean_acc: 0.9890 accuracy: 0.9890
stage 44/50
Accuracy report (44) mean_iu: 0.4842 freq_iu: 0.7232 mean_acc: 0.9883 accuracy: 0.9883
stage 45/50
Accuracy report (45) mean_iu: 0.4335 freq_iu: 0.6593 mean_acc: 0.9802 accuracy: 0.9802
stage 46/50
Accuracy report (46) mean_iu: 0.4559 freq_iu: 0.6971 mean_acc: 0.9874 accuracy: 0.9874
stage 47/50
Accuracy report (47) mean_iu: 0.4834 freq_iu: 0.7296 mean_acc: 0.9887 accuracy: 0.9887
stage 48/50
Accuracy report (48) mean_iu: 0.4684 freq_iu: 0.7092 mean_acc: 0.9878 accuracy: 0.9878
stage 49/50
Accuracy report (49) mean_iu: 0.4947 freq_iu: 0.7410 mean_acc: 0.9891 accuracy: 0.9891
stage 50/50
Accuracy report (50) mean_iu: 0.4817 freq_iu: 0.7405 mean_acc: 0.9894 accuracy: 0.9894
